2023-04-16 23:18:29,689 [INFO] Activator:176 - 


2023-04-16 23:18:29,698 [INFO] Activator:177 - !SESSION log4j initialized
2023-04-16 23:18:34,474 [ERROR] LogOutputStream:75 - [STDERR_REDIRECT] [Fatal Error] :1:1: Premature end of file.
2023-04-16 23:18:34,477 [ERROR] LogOutputStream:75 - [STDERR_REDIRECT] 
2023-04-16 23:18:36,844 [INFO] LogOutputStream:77 - [STDOUT_REDIRECT] 
2023-04-16 23:19:00,196 [ERROR] LogOutputStream:75 - [STDERR_REDIRECT] SLF4J: Failed to load class "org.slf4j.impl.StaticLoggerBinder".
2023-04-16 23:19:00,198 [ERROR] LogOutputStream:75 - [STDERR_REDIRECT] SLF4J: Defaulting to no-operation (NOP) logger implementation
2023-04-16 23:19:00,198 [ERROR] LogOutputStream:75 - [STDERR_REDIRECT] SLF4J: See http://www.slf4j.org/codes.html#StaticLoggerBinder for further details.
2023-04-16 23:20:04,928 [INFO] ApplicationProperties:184 - Using Application install path: /opt/st/stm32cubeide_1.12.0/plugins/com.st.stm32cube.common.mx_6.8.0.202302231600
2023-04-16 23:20:05,004 [INFO] DbMcusXml:78 - Set database path to: /opt/st/stm32cubeide_1.12.0/plugins/com.st.stm32cube.common.mx_6.8.0.202302231600//db//mcu/
2023-04-16 23:20:05,005 [INFO] ApiDb:274 - Set plugin database path to: /opt/st/stm32cubeide_1.12.0/plugins/com.st.stm32cube.common.mx_6.8.0.202302231600//db//plugins/boardmanager/
2023-04-16 23:20:05,012 [WARN] ApiDb:259 - Overriding images path with different value:  => /opt/st/stm32cubeide_1.12.0/plugins/com.st.stm32cube.common.mx_6.8.0.202302231600//db//plugins/mcufinder/images/
2023-04-16 23:20:05,051 [INFO] ApiDb:250 - Set database path to: /home/user1/.stmcufinder/plugins/mcufinder//mcu/
2023-04-16 23:20:05,054 [INFO] DbMcusAds:125 - Set database path to: /home/user1/.stmcufinder/plugins/mcufinder//mcu/
2023-04-16 23:20:05,106 [INFO] CrossReferenceDbSqlite:203 - Set database path to: /home/user1/.stmcufinder/plugins/mcufinder//mcu/cs/
2023-04-16 23:20:05,335 [INFO] RulesReader:64 - Compatibility file has been processed (293 Rules)
2023-04-16 23:20:05,495 [INFO] DbMcusXml:78 - Set database path to: /opt/st/stm32cubeide_1.12.0/plugins/com.st.stm32cube.common.mx_6.8.0.202302231600//db//mcu/
2023-04-16 23:20:05,495 [INFO] ApiDb:274 - Set plugin database path to: /opt/st/stm32cubeide_1.12.0/plugins/com.st.stm32cube.common.mx_6.8.0.202302231600//db//plugins/boardmanager/
2023-04-16 23:20:05,495 [INFO] ApiDb:261 - Set plugin images path to: /opt/st/stm32cubeide_1.12.0/plugins/com.st.stm32cube.common.mx_6.8.0.202302231600//db//plugins/mcufinder/images/
2023-04-16 23:20:05,496 [WARN] DbFile:41 - Overriding database path with different value: /home/user1/.stmcufinder/plugins/mcufinder/ => /home/user1/.stmcufinder/plugins/mcufinder
2023-04-16 23:20:05,496 [INFO] ApiDb:250 - Set database path to: /home/user1/.stmcufinder/plugins/mcufinder//mcu/
2023-04-16 23:20:05,496 [WARN] DbFile:41 - Overriding database path with different value: /home/user1/.stmcufinder/plugins/mcufinder/ => /home/user1/.stmcufinder/plugins/mcufinder
2023-04-16 23:20:05,496 [INFO] DbMcusAds:125 - Set database path to: /home/user1/.stmcufinder/plugins/mcufinder//mcu/
2023-04-16 23:20:05,496 [WARN] DbFile:41 - Overriding database path with different value: /home/user1/.stmcufinder/plugins/mcufinder/ => /home/user1/.stmcufinder/plugins/mcufinder
2023-04-16 23:20:05,496 [WARN] DbFile:41 - Overriding database path with different value: /home/user1/.stmcufinder/plugins/mcufinder/ => /home/user1/.stmcufinder/plugins/mcufinder
2023-04-16 23:20:05,496 [INFO] CrossReferenceDbSqlite:203 - Set database path to: /home/user1/.stmcufinder/plugins/mcufinder//mcu/cs/
2023-04-16 23:20:05,635 [INFO] MainPanel:253 - HeapMemory: 486539264
2023-04-16 23:20:05,851 [INFO] DbMcusXml:78 - Set database path to: /opt/st/stm32cubeide_1.12.0/plugins/com.st.stm32cube.common.mx_6.8.0.202302231600//db//mcu/
2023-04-16 23:20:05,852 [INFO] ApiDb:274 - Set plugin database path to: /opt/st/stm32cubeide_1.12.0/plugins/com.st.stm32cube.common.mx_6.8.0.202302231600//db//plugins/boardmanager/
2023-04-16 23:20:05,852 [INFO] ApiDb:261 - Set plugin images path to: /opt/st/stm32cubeide_1.12.0/plugins/com.st.stm32cube.common.mx_6.8.0.202302231600//db//plugins/mcufinder/images/
2023-04-16 23:20:05,853 [WARN] DbFile:41 - Overriding database path with different value: /home/user1/.stmcufinder/plugins/mcufinder/ => /home/user1/.stmcufinder/plugins/mcufinder
2023-04-16 23:20:05,853 [INFO] ApiDb:250 - Set database path to: /home/user1/.stmcufinder/plugins/mcufinder//mcu/
2023-04-16 23:20:05,853 [WARN] DbFile:41 - Overriding database path with different value: /home/user1/.stmcufinder/plugins/mcufinder/ => /home/user1/.stmcufinder/plugins/mcufinder
2023-04-16 23:20:05,854 [INFO] DbMcusAds:125 - Set database path to: /home/user1/.stmcufinder/plugins/mcufinder//mcu/
2023-04-16 23:20:05,854 [WARN] DbFile:41 - Overriding database path with different value: /home/user1/.stmcufinder/plugins/mcufinder/ => /home/user1/.stmcufinder/plugins/mcufinder
2023-04-16 23:20:05,854 [WARN] DbFile:41 - Overriding database path with different value: /home/user1/.stmcufinder/plugins/mcufinder/ => /home/user1/.stmcufinder/plugins/mcufinder
2023-04-16 23:20:05,854 [INFO] CrossReferenceDbSqlite:203 - Set database path to: /home/user1/.stmcufinder/plugins/mcufinder//mcu/cs/
2023-04-16 23:20:05,892 [INFO] ApplicationProperties:184 - Using Application install path: /opt/st/stm32cubeide_1.12.0/plugins/com.st.stm32cube.common.mx_6.8.0.202302231600
2023-04-16 23:20:05,896 [INFO] PluginManage:196 - Search for loadable plugins [exclusion list=, ]
2023-04-16 23:20:05,902 [INFO] PluginManage:310 - Check plugin analytics
2023-04-16 23:20:06,150 [INFO] AnalyticsPlugin:253 - Accepted Software Licenses: 
2023-04-16 23:20:06,150 [INFO] AnalyticsPlugin:255 - Accepted CMSIS Pack Licenses: 
2023-04-16 23:20:06,151 [INFO] AnalyticsPlugin:257 - Accepted Firmware Licenses: 
2023-04-16 23:20:06,158 [INFO] PluginManage:359 - Loaded plugin analytics (category:tool,tabindex:-1)
2023-04-16 23:20:06,159 [INFO] PluginManage:310 - Check plugin cadmodel
2023-04-16 23:20:06,241 [INFO] CADModel:105 - Init CAD model plugin
2023-04-16 23:20:06,242 [INFO] PluginManage:359 - Loaded plugin cadmodel (category:power,tabindex:5)
2023-04-16 23:20:06,242 [INFO] PluginManage:310 - Check plugin clock
2023-04-16 23:20:06,266 [INFO] PluginManage:359 - Loaded plugin clock (category:base,tabindex:2)
2023-04-16 23:20:06,267 [INFO] PluginManage:310 - Check plugin ddr
2023-04-16 23:20:06,273 [INFO] PluginManage:359 - Loaded plugin ddr (category:tool,tabindex:6)
2023-04-16 23:20:06,273 [INFO] PluginManage:310 - Check plugin filemanager
2023-04-16 23:20:06,492 [INFO] PluginManage:359 - Loaded plugin filemanager (category:base,tabindex:10)
2023-04-16 23:20:06,493 [INFO] PluginManage:310 - Check plugin ipmanager
2023-04-16 23:20:06,504 [INFO] PluginManage:359 - Loaded plugin ipmanager (category:base,tabindex:5)
2023-04-16 23:20:06,504 [INFO] PluginManage:310 - Check plugin lpbam
2023-04-16 23:20:06,521 [INFO] PluginManage:359 - Loaded plugin lpbam (category:base,tabindex:0)
2023-04-16 23:20:06,522 [INFO] PluginManage:310 - Check plugin pinoutandconfiguration
2023-04-16 23:20:06,545 [INFO] PluginManage:359 - Loaded plugin pinoutandconfiguration (category:base,tabindex:1)
2023-04-16 23:20:06,545 [INFO] PluginManage:310 - Check plugin pinoutconfig
2023-04-16 23:20:06,720 [WARN] SupportedApi:132 - Cannot load RTOS API schema: s4s-elt-must-match.1: The content of 'definitions' must match (annotation?, (simpleType | complexType)?, (unique | key | keyref)*)). A problem was found starting at: attribute.
2023-04-16 23:20:06,965 [INFO] PluginManage:359 - Loaded plugin pinoutconfig (category:base,tabindex:0)
2023-04-16 23:20:06,965 [INFO] PluginManage:310 - Check plugin power
2023-04-16 23:20:06,987 [INFO] PluginManage:359 - Loaded plugin power (category:power,tabindex:4)
2023-04-16 23:20:06,988 [INFO] PluginManage:310 - Check plugin projectmanager
2023-04-16 23:20:07,009 [INFO] PluginManage:359 - Loaded plugin projectmanager (category:projectmanager,tabindex:3)
2023-04-16 23:20:07,009 [INFO] PluginManage:310 - Check plugin thirdparty
2023-04-16 23:20:07,694 [INFO] PluginManage:359 - Loaded plugin thirdparty (category:base,tabindex:-1)
2023-04-16 23:20:07,694 [INFO] PluginManage:310 - Check plugin tools
2023-04-16 23:20:07,693 [WARN] IntegrityCheckThread:84 - waiting for thirdparty lock release [integrity check]
2023-04-16 23:20:07,695 [INFO] IntegrityCheckThread:86 - entering critical section [integrity check]
2023-04-16 23:20:07,700 [INFO] PluginManage:359 - Loaded plugin tools (category:base,tabindex:7)
2023-04-16 23:20:07,700 [INFO] PluginManage:310 - Check plugin tutovideos
2023-04-16 23:20:07,701 [INFO] ThirdPartyUpdaterWithRetryManager:70 - Updater plugin not ready yet. [1/15]
2023-04-16 23:20:08,011 [INFO] PluginManage:359 - Loaded plugin tutovideos (category:base,tabindex:-1)
2023-04-16 23:20:08,012 [INFO] PluginManage:310 - Check plugin updater
2023-04-16 23:20:08,058 [INFO] PluginManage:359 - Loaded plugin updater (category:base,tabindex:12)
2023-04-16 23:20:08,064 [INFO] PluginManage:283 - PluginManage : Loaded plugins [15]
2023-04-16 23:20:08,515 [INFO] PinOutPanel:1499 - setPackage(No Configuration,No Configuration)
2023-04-16 23:20:08,597 [INFO] CADModel:165 - CPN selected for project level
2023-04-16 23:20:08,597 [INFO] CADModel:114 - Register for checkConnection events
2023-04-16 23:20:08,626 [INFO] IPUIPlugin:80 - create IPUIPlugin
2023-04-16 23:20:08,627 [INFO] PluginManager:220 - loadIPPluginJar : add i2c
2023-04-16 23:20:08,631 [INFO] IPUIPlugin:80 - create IPUIPlugin
2023-04-16 23:20:08,631 [INFO] PluginManager:220 - loadIPPluginJar : add i3c
2023-04-16 23:20:08,637 [INFO] IPUIPlugin:80 - create IPUIPlugin
2023-04-16 23:20:08,637 [INFO] PluginManager:220 - loadIPPluginJar : add can
2023-04-16 23:20:08,645 [INFO] IPUIPlugin:80 - create IPUIPlugin
2023-04-16 23:20:08,645 [INFO] PluginManager:220 - loadIPPluginJar : add fmc
2023-04-16 23:20:08,654 [INFO] IPUIPlugin:80 - create IPUIPlugin
2023-04-16 23:20:08,654 [INFO] PluginManager:220 - loadIPPluginJar : add nvic
2023-04-16 23:20:08,662 [INFO] IPUIPlugin:80 - create IPUIPlugin
2023-04-16 23:20:08,662 [INFO] PluginManager:220 - loadIPPluginJar : add gic
2023-04-16 23:20:08,674 [INFO] IPUIPlugin:80 - create IPUIPlugin
2023-04-16 23:20:08,674 [INFO] PluginManager:220 - loadIPPluginJar : add freertos
2023-04-16 23:20:08,678 [INFO] IPUIPlugin:80 - create IPUIPlugin
2023-04-16 23:20:08,678 [INFO] PluginManager:220 - loadIPPluginJar : add opamp
2023-04-16 23:20:08,681 [INFO] IPUIPlugin:80 - create IPUIPlugin
2023-04-16 23:20:08,682 [INFO] PluginManager:220 - loadIPPluginJar : add ucpd
2023-04-16 23:20:08,689 [INFO] IPUIPlugin:80 - create IPUIPlugin
2023-04-16 23:20:08,689 [INFO] PluginManager:220 - loadIPPluginJar : add stm32_wpan
2023-04-16 23:20:08,693 [INFO] IPUIPlugin:80 - create IPUIPlugin
2023-04-16 23:20:08,694 [INFO] PluginManager:220 - loadIPPluginJar : add usart
2023-04-16 23:20:08,697 [INFO] IPUIPlugin:80 - create IPUIPlugin
2023-04-16 23:20:08,697 [INFO] PluginManager:220 - loadIPPluginJar : add tim
2023-04-16 23:20:08,707 [INFO] IPUIPlugin:80 - create IPUIPlugin
2023-04-16 23:20:08,710 [INFO] PluginManager:220 - loadIPPluginJar : add plateformsettings
2023-04-16 23:20:08,712 [INFO] IPUIPlugin:80 - create IPUIPlugin
2023-04-16 23:20:08,712 [INFO] PluginManager:220 - loadIPPluginJar : add quadspi
2023-04-16 23:20:08,716 [INFO] IPUIPlugin:80 - create IPUIPlugin
2023-04-16 23:20:08,717 [INFO] PluginManager:220 - loadIPPluginJar : add lorawan
2023-04-16 23:20:08,721 [INFO] IPUIPlugin:80 - create IPUIPlugin
2023-04-16 23:20:08,721 [INFO] PluginManager:220 - loadIPPluginJar : add openamp
2023-04-16 23:20:08,725 [INFO] IPUIPlugin:80 - create IPUIPlugin
2023-04-16 23:20:08,725 [INFO] PluginManager:220 - loadIPPluginJar : add dfsdm
2023-04-16 23:20:08,728 [INFO] IPUIPlugin:80 - create IPUIPlugin
2023-04-16 23:20:08,728 [INFO] PluginManager:220 - loadIPPluginJar : add aes
2023-04-16 23:20:08,731 [INFO] IPUIPlugin:80 - create IPUIPlugin
2023-04-16 23:20:08,732 [INFO] PluginManager:220 - loadIPPluginJar : add tracer_emb
2023-04-16 23:20:08,737 [INFO] IPUIPlugin:80 - create IPUIPlugin
2023-04-16 23:20:08,737 [INFO] PluginManager:220 - loadIPPluginJar : add touchsensing
2023-04-16 23:20:08,739 [INFO] IPUIPlugin:80 - create IPUIPlugin
2023-04-16 23:20:08,739 [INFO] PluginManager:220 - loadIPPluginJar : add ts
2023-04-16 23:20:08,741 [INFO] IPUIPlugin:80 - create IPUIPlugin
2023-04-16 23:20:08,742 [INFO] PluginManager:220 - loadIPPluginJar : add genericplugin
2023-04-16 23:20:08,746 [INFO] IPUIPlugin:80 - create IPUIPlugin
2023-04-16 23:20:08,746 [INFO] PluginManager:220 - loadIPPluginJar : add spi
2023-04-16 23:20:08,750 [INFO] IPUIPlugin:80 - create IPUIPlugin
2023-04-16 23:20:08,750 [INFO] PluginManager:220 - loadIPPluginJar : add tsc
2023-04-16 23:20:08,760 [INFO] IPUIPlugin:80 - create IPUIPlugin
2023-04-16 23:20:08,760 [INFO] PluginManager:220 - loadIPPluginJar : add linkedlist
2023-04-16 23:20:08,766 [INFO] IPUIPlugin:80 - create IPUIPlugin
2023-04-16 23:20:08,766 [INFO] PluginManager:220 - loadIPPluginJar : add ipddr
2023-04-16 23:20:08,771 [INFO] IPUIPlugin:80 - create IPUIPlugin
2023-04-16 23:20:08,772 [INFO] PluginManager:220 - loadIPPluginJar : add sai
2023-04-16 23:20:08,777 [INFO] IPUIPlugin:80 - create IPUIPlugin
2023-04-16 23:20:08,778 [INFO] PluginManager:220 - loadIPPluginJar : add dma3
2023-04-16 23:20:08,779 [INFO] IPUIPlugin:80 - create IPUIPlugin
2023-04-16 23:20:08,779 [INFO] PluginManager:220 - loadIPPluginJar : add fatfs
2023-04-16 23:20:08,785 [INFO] IPUIPlugin:80 - create IPUIPlugin
2023-04-16 23:20:08,785 [INFO] PluginManager:220 - loadIPPluginJar : add hash
2023-04-16 23:20:08,790 [INFO] IPUIPlugin:80 - create IPUIPlugin
2023-04-16 23:20:08,790 [INFO] PluginManager:220 - loadIPPluginJar : add gtzc
2023-04-16 23:20:08,803 [INFO] IPUIPlugin:80 - create IPUIPlugin
2023-04-16 23:20:08,804 [INFO] PluginManager:220 - loadIPPluginJar : add mdma
2023-04-16 23:20:08,806 [INFO] IPUIPlugin:80 - create IPUIPlugin
2023-04-16 23:20:08,807 [INFO] PluginManager:220 - loadIPPluginJar : add i2s
2023-04-16 23:20:08,811 [INFO] IPUIPlugin:80 - create IPUIPlugin
2023-04-16 23:20:08,811 [INFO] PluginManager:220 - loadIPPluginJar : add gfxmmu
2023-04-16 23:20:08,815 [INFO] IPUIPlugin:80 - create IPUIPlugin
2023-04-16 23:20:08,815 [INFO] PluginManager:220 - loadIPPluginJar : add usbx
2023-04-16 23:20:08,825 [INFO] IPUIPlugin:80 - create IPUIPlugin
2023-04-16 23:20:08,825 [INFO] PluginManager:220 - loadIPPluginJar : add gpio
2023-04-16 23:20:08,834 [INFO] IPUIPlugin:80 - create IPUIPlugin
2023-04-16 23:20:08,834 [INFO] PluginManager:220 - loadIPPluginJar : add resmgrutility
2023-04-16 23:20:08,841 [INFO] IPUIPlugin:80 - create IPUIPlugin
2023-04-16 23:20:08,841 [INFO] PluginManager:220 - loadIPPluginJar : add dma
2023-04-16 23:20:08,844 [INFO] IPUIPlugin:80 - create IPUIPlugin
2023-04-16 23:20:08,844 [INFO] PluginManager:220 - loadIPPluginJar : add ltdc
2023-04-16 23:20:08,847 [INFO] IPUIPlugin:80 - create IPUIPlugin
2023-04-16 23:20:08,847 [INFO] PluginManager:220 - loadIPPluginJar : add comp
2023-04-16 23:20:08,852 [INFO] IPUIPlugin:80 - create IPUIPlugin
2023-04-16 23:20:08,852 [INFO] PluginManager:220 - loadIPPluginJar : add pdm2pcm
2023-04-16 23:20:08,861 [INFO] IPUIPlugin:80 - create IPUIPlugin
2023-04-16 23:20:08,862 [INFO] PluginManager:220 - loadIPPluginJar : add adc
2023-04-16 23:20:08,866 [INFO] IPUIPlugin:80 - create IPUIPlugin
2023-04-16 23:20:08,867 [INFO] PluginManager:220 - loadIPPluginJar : add cryp
2023-04-16 23:20:08,997 [INFO] CADModel:165 - CPN selected for project level
2023-04-16 23:20:08,997 [INFO] CADModel:114 - Register for checkConnection events
2023-04-16 23:20:08,998 [FATAL] Updater:308 - Updater called before beeing initialized
2023-04-16 23:20:08,998 [ERROR] CADModel:125 - Updater not yet initialized, retry later 
2023-04-16 23:20:09,208 [INFO] CADModel:165 - CPN selected for project level
2023-04-16 23:20:09,209 [INFO] CADModel:114 - Register for checkConnection events
2023-04-16 23:20:09,209 [FATAL] Updater:308 - Updater called before beeing initialized
2023-04-16 23:20:09,209 [ERROR] CADModel:125 - Updater not yet initialized, retry later 
2023-04-16 23:20:09,213 [FATAL] Updater:308 - Updater called before beeing initialized
2023-04-16 23:20:09,325 [FATAL] Updater:308 - Updater called before beeing initialized
2023-04-16 23:20:09,335 [INFO] DbMcusAds:53 - JSON generation date=Thu Sep 30 09:55:09 GMT+03:00 2021 (1632984909247)
2023-04-16 23:20:09,335 [FATAL] Updater:308 - Updater called before beeing initialized
2023-04-16 23:20:09,387 [WARN] DetailPanel:346 - Failed to get advertising image, set to default
2023-04-16 23:20:09,521 [FATAL] Updater:308 - Updater called before beeing initialized
2023-04-16 23:20:09,525 [FATAL] Updater:308 - Updater called before beeing initialized
2023-04-16 23:20:09,525 [FATAL] Updater:308 - Updater called before beeing initialized
2023-04-16 23:20:09,525 [WARN] DetailPanel:346 - Failed to get advertising image, set to default
2023-04-16 23:20:09,527 [FATAL] Updater:308 - Updater called before beeing initialized
2023-04-16 23:20:09,572 [ERROR] Updater:1120 - MainUpdater not yet initialized. External WinMGr cannot be set.
2023-04-16 23:20:09,575 [INFO] Updater:1056 - Updater Version found : 6.8.0
2023-04-16 23:20:09,600 [INFO] ApplicationProperties:184 - Using Application install path: /opt/st/stm32cubeide_1.12.0/plugins/com.st.stm32cube.common.mx_6.8.0.202302231600
2023-04-16 23:20:09,743 [INFO] MainUpdater:2854 - connection check result : 10
2023-04-16 23:20:09,744 [INFO] MainUpdater:3548 - Updater definition file requires update
2023-04-16 23:20:09,745 [INFO] MainUpdater:283 - Updater Check For Update Now.
2023-04-16 23:20:09,745 [INFO] MicroXplorer:498 - Change Database Version : DB.6.0.80
2023-04-16 23:20:09,807 [INFO] ServerAccessManage:473 - Download File updaters.zip
2023-04-16 23:20:09,896 [INFO] FileExtend:240 - Unzip File : updaters.zip
2023-04-16 23:20:09,896 [INFO] FileExtend:255 - Standard Zip Deflate
2023-04-16 23:20:10,704 [WARN] MainUpdater:1187 - Updater busy. Cannot search thirdparties
2023-04-16 23:20:10,704 [INFO] ThirdPartyUpdaterWithRetryManager:96 - Updater plugin is busy. [1/15]
2023-04-16 23:20:10,775 [INFO] ServerAccessManage:473 - Download File PacksControlFlags.xml
2023-04-16 23:20:10,836 [INFO] ServerAccessManage:473 - Download File cubemx.pidx
2023-04-16 23:20:11,141 [INFO] ServerAccessManage:473 - Download File STMicroelectronics.FP-ATR-ASTRA1.pdsc
2023-04-16 23:20:11,504 [INFO] ServerAccessManage:473 - Download File STMicroelectronics.X-CUBE-FREERTOS.pdsc
2023-04-16 23:20:11,647 [INFO] ServerAccessManage:473 - Download File STMicroelectronics.X-CUBE-ISPU.pdsc
2023-04-16 23:20:11,923 [INFO] ServerAccessManage:473 - Download File STMicroelectronics.X-CUBE-MEMS1.pdsc
2023-04-16 23:20:35,809 [INFO] Activator:176 - 


2023-04-16 23:20:35,811 [INFO] Activator:177 - !SESSION log4j initialized
2023-04-16 23:20:41,481 [INFO] LogOutputStream:77 - [STDOUT_REDIRECT] 
2023-04-16 23:20:47,150 [ERROR] LogOutputStream:75 - [STDERR_REDIRECT] [Fatal Error] :1:1: Premature end of file.
2023-04-16 23:20:47,151 [ERROR] LogOutputStream:75 - [STDERR_REDIRECT] 
2023-04-16 23:21:03,091 [ERROR] LogOutputStream:75 - [STDERR_REDIRECT] SLF4J: Failed to load class "org.slf4j.impl.StaticLoggerBinder".
2023-04-16 23:21:03,092 [ERROR] LogOutputStream:75 - [STDERR_REDIRECT] SLF4J: Defaulting to no-operation (NOP) logger implementation
2023-04-16 23:21:03,093 [ERROR] LogOutputStream:75 - [STDERR_REDIRECT] SLF4J: See http://www.slf4j.org/codes.html#StaticLoggerBinder for further details.
2023-04-16 23:21:06,918 [ERROR] LogOutputStream:75 - [STDERR_REDIRECT] [Fatal Error] :1:1: Premature end of file.
2023-04-16 23:21:06,919 [ERROR] LogOutputStream:75 - [STDERR_REDIRECT] 
2023-04-16 23:21:50,907 [INFO] ApplicationProperties:184 - Using Application install path: /opt/st/stm32cubeide_1.12.0/plugins/com.st.stm32cube.common.mx_6.8.0.202302231600
2023-04-16 23:21:50,924 [INFO] DbMcusXml:78 - Set database path to: /opt/st/stm32cubeide_1.12.0/plugins/com.st.stm32cube.common.mx_6.8.0.202302231600//db//mcu/
2023-04-16 23:21:50,925 [INFO] ApiDb:274 - Set plugin database path to: /opt/st/stm32cubeide_1.12.0/plugins/com.st.stm32cube.common.mx_6.8.0.202302231600//db//plugins/boardmanager/
2023-04-16 23:21:50,929 [WARN] ApiDb:259 - Overriding images path with different value:  => /opt/st/stm32cubeide_1.12.0/plugins/com.st.stm32cube.common.mx_6.8.0.202302231600//db//plugins/mcufinder/images/
2023-04-16 23:21:50,946 [INFO] ApiDb:250 - Set database path to: /home/user1/.stmcufinder/plugins/mcufinder//mcu/
2023-04-16 23:21:50,949 [INFO] DbMcusAds:125 - Set database path to: /home/user1/.stmcufinder/plugins/mcufinder//mcu/
2023-04-16 23:21:50,972 [INFO] CrossReferenceDbSqlite:203 - Set database path to: /home/user1/.stmcufinder/plugins/mcufinder//mcu/cs/
2023-04-16 23:21:51,072 [INFO] RulesReader:64 - Compatibility file has been processed (293 Rules)
2023-04-16 23:21:51,132 [INFO] DbMcusXml:78 - Set database path to: /opt/st/stm32cubeide_1.12.0/plugins/com.st.stm32cube.common.mx_6.8.0.202302231600//db//mcu/
2023-04-16 23:21:51,132 [INFO] ApiDb:274 - Set plugin database path to: /opt/st/stm32cubeide_1.12.0/plugins/com.st.stm32cube.common.mx_6.8.0.202302231600//db//plugins/boardmanager/
2023-04-16 23:21:51,132 [INFO] ApiDb:261 - Set plugin images path to: /opt/st/stm32cubeide_1.12.0/plugins/com.st.stm32cube.common.mx_6.8.0.202302231600//db//plugins/mcufinder/images/
2023-04-16 23:21:51,132 [WARN] DbFile:41 - Overriding database path with different value: /home/user1/.stmcufinder/plugins/mcufinder/ => /home/user1/.stmcufinder/plugins/mcufinder
2023-04-16 23:21:51,132 [INFO] ApiDb:250 - Set database path to: /home/user1/.stmcufinder/plugins/mcufinder//mcu/
2023-04-16 23:21:51,133 [WARN] DbFile:41 - Overriding database path with different value: /home/user1/.stmcufinder/plugins/mcufinder/ => /home/user1/.stmcufinder/plugins/mcufinder
2023-04-16 23:21:51,133 [INFO] DbMcusAds:125 - Set database path to: /home/user1/.stmcufinder/plugins/mcufinder//mcu/
2023-04-16 23:21:51,133 [WARN] DbFile:41 - Overriding database path with different value: /home/user1/.stmcufinder/plugins/mcufinder/ => /home/user1/.stmcufinder/plugins/mcufinder
2023-04-16 23:21:51,133 [WARN] DbFile:41 - Overriding database path with different value: /home/user1/.stmcufinder/plugins/mcufinder/ => /home/user1/.stmcufinder/plugins/mcufinder
2023-04-16 23:21:51,133 [INFO] CrossReferenceDbSqlite:203 - Set database path to: /home/user1/.stmcufinder/plugins/mcufinder//mcu/cs/
2023-04-16 23:21:51,195 [INFO] MainPanel:253 - HeapMemory: 515899392
2023-04-16 23:21:51,277 [INFO] DbMcusXml:78 - Set database path to: /opt/st/stm32cubeide_1.12.0/plugins/com.st.stm32cube.common.mx_6.8.0.202302231600//db//mcu/
2023-04-16 23:21:51,278 [INFO] ApiDb:274 - Set plugin database path to: /opt/st/stm32cubeide_1.12.0/plugins/com.st.stm32cube.common.mx_6.8.0.202302231600//db//plugins/boardmanager/
2023-04-16 23:21:51,278 [INFO] ApiDb:261 - Set plugin images path to: /opt/st/stm32cubeide_1.12.0/plugins/com.st.stm32cube.common.mx_6.8.0.202302231600//db//plugins/mcufinder/images/
2023-04-16 23:21:51,278 [WARN] DbFile:41 - Overriding database path with different value: /home/user1/.stmcufinder/plugins/mcufinder/ => /home/user1/.stmcufinder/plugins/mcufinder
2023-04-16 23:21:51,278 [INFO] ApiDb:250 - Set database path to: /home/user1/.stmcufinder/plugins/mcufinder//mcu/
2023-04-16 23:21:51,279 [WARN] DbFile:41 - Overriding database path with different value: /home/user1/.stmcufinder/plugins/mcufinder/ => /home/user1/.stmcufinder/plugins/mcufinder
2023-04-16 23:21:51,279 [INFO] DbMcusAds:125 - Set database path to: /home/user1/.stmcufinder/plugins/mcufinder//mcu/
2023-04-16 23:21:51,279 [WARN] DbFile:41 - Overriding database path with different value: /home/user1/.stmcufinder/plugins/mcufinder/ => /home/user1/.stmcufinder/plugins/mcufinder
2023-04-16 23:21:51,279 [WARN] DbFile:41 - Overriding database path with different value: /home/user1/.stmcufinder/plugins/mcufinder/ => /home/user1/.stmcufinder/plugins/mcufinder
2023-04-16 23:21:51,279 [INFO] CrossReferenceDbSqlite:203 - Set database path to: /home/user1/.stmcufinder/plugins/mcufinder//mcu/cs/
2023-04-16 23:21:51,295 [INFO] ApplicationProperties:184 - Using Application install path: /opt/st/stm32cubeide_1.12.0/plugins/com.st.stm32cube.common.mx_6.8.0.202302231600
2023-04-16 23:21:51,297 [INFO] PluginManage:196 - Search for loadable plugins [exclusion list=, ]
2023-04-16 23:21:51,298 [INFO] PluginManage:310 - Check plugin analytics
2023-04-16 23:21:51,426 [INFO] AnalyticsPlugin:253 - Accepted Software Licenses: 
2023-04-16 23:21:51,426 [INFO] AnalyticsPlugin:255 - Accepted CMSIS Pack Licenses: 
2023-04-16 23:21:51,426 [INFO] AnalyticsPlugin:257 - Accepted Firmware Licenses: 
2023-04-16 23:21:51,435 [INFO] PluginManage:359 - Loaded plugin analytics (category:tool,tabindex:-1)
2023-04-16 23:21:51,436 [INFO] PluginManage:310 - Check plugin cadmodel
2023-04-16 23:21:51,471 [INFO] CADModel:105 - Init CAD model plugin
2023-04-16 23:21:51,471 [INFO] PluginManage:359 - Loaded plugin cadmodel (category:power,tabindex:5)
2023-04-16 23:21:51,471 [INFO] PluginManage:310 - Check plugin clock
2023-04-16 23:21:51,479 [INFO] PluginManage:359 - Loaded plugin clock (category:base,tabindex:2)
2023-04-16 23:21:51,479 [INFO] PluginManage:310 - Check plugin ddr
2023-04-16 23:21:51,481 [INFO] PluginManage:359 - Loaded plugin ddr (category:tool,tabindex:6)
2023-04-16 23:21:51,481 [INFO] PluginManage:310 - Check plugin filemanager
2023-04-16 23:21:51,648 [INFO] PluginManage:359 - Loaded plugin filemanager (category:base,tabindex:10)
2023-04-16 23:21:51,648 [INFO] PluginManage:310 - Check plugin ipmanager
2023-04-16 23:21:51,656 [INFO] PluginManage:359 - Loaded plugin ipmanager (category:base,tabindex:5)
2023-04-16 23:21:51,656 [INFO] PluginManage:310 - Check plugin lpbam
2023-04-16 23:21:51,667 [INFO] PluginManage:359 - Loaded plugin lpbam (category:base,tabindex:0)
2023-04-16 23:21:51,668 [INFO] PluginManage:310 - Check plugin pinoutandconfiguration
2023-04-16 23:21:51,678 [INFO] PluginManage:359 - Loaded plugin pinoutandconfiguration (category:base,tabindex:1)
2023-04-16 23:21:51,678 [INFO] PluginManage:310 - Check plugin pinoutconfig
2023-04-16 23:21:51,772 [WARN] SupportedApi:132 - Cannot load RTOS API schema: s4s-elt-must-match.1: The content of 'definitions' must match (annotation?, (simpleType | complexType)?, (unique | key | keyref)*)). A problem was found starting at: attribute.
2023-04-16 23:21:51,935 [INFO] PluginManage:359 - Loaded plugin pinoutconfig (category:base,tabindex:0)
2023-04-16 23:21:51,935 [INFO] PluginManage:310 - Check plugin power
2023-04-16 23:21:51,944 [INFO] PluginManage:359 - Loaded plugin power (category:power,tabindex:4)
2023-04-16 23:21:51,944 [INFO] PluginManage:310 - Check plugin projectmanager
2023-04-16 23:21:51,973 [INFO] PluginManage:359 - Loaded plugin projectmanager (category:projectmanager,tabindex:3)
2023-04-16 23:21:51,973 [INFO] PluginManage:310 - Check plugin thirdparty
2023-04-16 23:21:52,087 [INFO] PluginManage:359 - Loaded plugin thirdparty (category:base,tabindex:-1)
2023-04-16 23:21:52,088 [INFO] PluginManage:310 - Check plugin tools
2023-04-16 23:21:52,087 [WARN] IntegrityCheckThread:84 - waiting for thirdparty lock release [integrity check]
2023-04-16 23:21:52,089 [INFO] IntegrityCheckThread:86 - entering critical section [integrity check]
2023-04-16 23:21:52,093 [INFO] PluginManage:359 - Loaded plugin tools (category:base,tabindex:7)
2023-04-16 23:21:52,093 [INFO] PluginManage:310 - Check plugin tutovideos
2023-04-16 23:21:52,093 [INFO] ThirdPartyUpdaterWithRetryManager:70 - Updater plugin not ready yet. [1/15]
2023-04-16 23:21:52,275 [INFO] PluginManage:359 - Loaded plugin tutovideos (category:base,tabindex:-1)
2023-04-16 23:21:52,275 [INFO] PluginManage:310 - Check plugin updater
2023-04-16 23:21:52,294 [INFO] PluginManage:359 - Loaded plugin updater (category:base,tabindex:12)
2023-04-16 23:21:52,295 [INFO] PluginManage:283 - PluginManage : Loaded plugins [15]
2023-04-16 23:21:52,521 [INFO] PinOutPanel:1499 - setPackage(No Configuration,No Configuration)
2023-04-16 23:21:52,570 [INFO] CADModel:165 - CPN selected for project level
2023-04-16 23:21:52,571 [INFO] CADModel:114 - Register for checkConnection events
2023-04-16 23:21:52,583 [INFO] IPUIPlugin:80 - create IPUIPlugin
2023-04-16 23:21:52,583 [INFO] PluginManager:220 - loadIPPluginJar : add i2c
2023-04-16 23:21:52,586 [INFO] IPUIPlugin:80 - create IPUIPlugin
2023-04-16 23:21:52,586 [INFO] PluginManager:220 - loadIPPluginJar : add i3c
2023-04-16 23:21:52,589 [INFO] IPUIPlugin:80 - create IPUIPlugin
2023-04-16 23:21:52,589 [INFO] PluginManager:220 - loadIPPluginJar : add can
2023-04-16 23:21:52,594 [INFO] IPUIPlugin:80 - create IPUIPlugin
2023-04-16 23:21:52,594 [INFO] PluginManager:220 - loadIPPluginJar : add fmc
2023-04-16 23:21:52,597 [INFO] IPUIPlugin:80 - create IPUIPlugin
2023-04-16 23:21:52,598 [INFO] PluginManager:220 - loadIPPluginJar : add nvic
2023-04-16 23:21:52,603 [INFO] IPUIPlugin:80 - create IPUIPlugin
2023-04-16 23:21:52,603 [INFO] PluginManager:220 - loadIPPluginJar : add gic
2023-04-16 23:21:52,608 [INFO] IPUIPlugin:80 - create IPUIPlugin
2023-04-16 23:21:52,608 [INFO] PluginManager:220 - loadIPPluginJar : add freertos
2023-04-16 23:21:52,614 [INFO] IPUIPlugin:80 - create IPUIPlugin
2023-04-16 23:21:52,614 [INFO] PluginManager:220 - loadIPPluginJar : add opamp
2023-04-16 23:21:52,616 [INFO] IPUIPlugin:80 - create IPUIPlugin
2023-04-16 23:21:52,616 [INFO] PluginManager:220 - loadIPPluginJar : add ucpd
2023-04-16 23:21:52,621 [INFO] IPUIPlugin:80 - create IPUIPlugin
2023-04-16 23:21:52,621 [INFO] PluginManager:220 - loadIPPluginJar : add stm32_wpan
2023-04-16 23:21:52,623 [INFO] IPUIPlugin:80 - create IPUIPlugin
2023-04-16 23:21:52,623 [INFO] PluginManager:220 - loadIPPluginJar : add usart
2023-04-16 23:21:52,624 [INFO] IPUIPlugin:80 - create IPUIPlugin
2023-04-16 23:21:52,625 [INFO] PluginManager:220 - loadIPPluginJar : add tim
2023-04-16 23:21:52,630 [INFO] IPUIPlugin:80 - create IPUIPlugin
2023-04-16 23:21:52,633 [INFO] PluginManager:220 - loadIPPluginJar : add plateformsettings
2023-04-16 23:21:52,634 [INFO] IPUIPlugin:80 - create IPUIPlugin
2023-04-16 23:21:52,634 [INFO] PluginManager:220 - loadIPPluginJar : add quadspi
2023-04-16 23:21:52,637 [INFO] IPUIPlugin:80 - create IPUIPlugin
2023-04-16 23:21:52,637 [INFO] PluginManager:220 - loadIPPluginJar : add lorawan
2023-04-16 23:21:52,639 [INFO] IPUIPlugin:80 - create IPUIPlugin
2023-04-16 23:21:52,640 [INFO] PluginManager:220 - loadIPPluginJar : add openamp
2023-04-16 23:21:52,642 [INFO] IPUIPlugin:80 - create IPUIPlugin
2023-04-16 23:21:52,642 [INFO] PluginManager:220 - loadIPPluginJar : add dfsdm
2023-04-16 23:21:52,644 [INFO] IPUIPlugin:80 - create IPUIPlugin
2023-04-16 23:21:52,645 [INFO] PluginManager:220 - loadIPPluginJar : add aes
2023-04-16 23:21:52,646 [INFO] IPUIPlugin:80 - create IPUIPlugin
2023-04-16 23:21:52,646 [INFO] PluginManager:220 - loadIPPluginJar : add tracer_emb
2023-04-16 23:21:52,649 [INFO] IPUIPlugin:80 - create IPUIPlugin
2023-04-16 23:21:52,649 [INFO] PluginManager:220 - loadIPPluginJar : add touchsensing
2023-04-16 23:21:52,651 [INFO] IPUIPlugin:80 - create IPUIPlugin
2023-04-16 23:21:52,651 [INFO] PluginManager:220 - loadIPPluginJar : add ts
2023-04-16 23:21:52,653 [INFO] IPUIPlugin:80 - create IPUIPlugin
2023-04-16 23:21:52,653 [INFO] PluginManager:220 - loadIPPluginJar : add genericplugin
2023-04-16 23:21:52,655 [INFO] IPUIPlugin:80 - create IPUIPlugin
2023-04-16 23:21:52,655 [INFO] PluginManager:220 - loadIPPluginJar : add spi
2023-04-16 23:21:52,657 [INFO] IPUIPlugin:80 - create IPUIPlugin
2023-04-16 23:21:52,657 [INFO] PluginManager:220 - loadIPPluginJar : add tsc
2023-04-16 23:21:52,663 [INFO] IPUIPlugin:80 - create IPUIPlugin
2023-04-16 23:21:52,664 [INFO] PluginManager:220 - loadIPPluginJar : add linkedlist
2023-04-16 23:21:52,671 [INFO] IPUIPlugin:80 - create IPUIPlugin
2023-04-16 23:21:52,671 [INFO] PluginManager:220 - loadIPPluginJar : add ipddr
2023-04-16 23:21:52,674 [INFO] IPUIPlugin:80 - create IPUIPlugin
2023-04-16 23:21:52,675 [INFO] PluginManager:220 - loadIPPluginJar : add sai
2023-04-16 23:21:52,677 [INFO] IPUIPlugin:80 - create IPUIPlugin
2023-04-16 23:21:52,677 [INFO] PluginManager:220 - loadIPPluginJar : add dma3
2023-04-16 23:21:52,678 [INFO] IPUIPlugin:80 - create IPUIPlugin
2023-04-16 23:21:52,678 [INFO] PluginManager:220 - loadIPPluginJar : add fatfs
2023-04-16 23:21:52,680 [INFO] IPUIPlugin:80 - create IPUIPlugin
2023-04-16 23:21:52,680 [INFO] PluginManager:220 - loadIPPluginJar : add hash
2023-04-16 23:21:52,682 [INFO] IPUIPlugin:80 - create IPUIPlugin
2023-04-16 23:21:52,682 [INFO] PluginManager:220 - loadIPPluginJar : add gtzc
2023-04-16 23:21:52,688 [INFO] IPUIPlugin:80 - create IPUIPlugin
2023-04-16 23:21:52,688 [INFO] PluginManager:220 - loadIPPluginJar : add mdma
2023-04-16 23:21:52,690 [INFO] IPUIPlugin:80 - create IPUIPlugin
2023-04-16 23:21:52,690 [INFO] PluginManager:220 - loadIPPluginJar : add i2s
2023-04-16 23:21:52,692 [INFO] IPUIPlugin:80 - create IPUIPlugin
2023-04-16 23:21:52,692 [INFO] PluginManager:220 - loadIPPluginJar : add gfxmmu
2023-04-16 23:21:52,694 [INFO] IPUIPlugin:80 - create IPUIPlugin
2023-04-16 23:21:52,694 [INFO] PluginManager:220 - loadIPPluginJar : add usbx
2023-04-16 23:21:52,699 [INFO] IPUIPlugin:80 - create IPUIPlugin
2023-04-16 23:21:52,699 [INFO] PluginManager:220 - loadIPPluginJar : add gpio
2023-04-16 23:21:52,702 [INFO] IPUIPlugin:80 - create IPUIPlugin
2023-04-16 23:21:52,703 [INFO] PluginManager:220 - loadIPPluginJar : add resmgrutility
2023-04-16 23:21:52,709 [INFO] IPUIPlugin:80 - create IPUIPlugin
2023-04-16 23:21:52,709 [INFO] PluginManager:220 - loadIPPluginJar : add dma
2023-04-16 23:21:52,710 [INFO] IPUIPlugin:80 - create IPUIPlugin
2023-04-16 23:21:52,711 [INFO] PluginManager:220 - loadIPPluginJar : add ltdc
2023-04-16 23:21:52,712 [INFO] IPUIPlugin:80 - create IPUIPlugin
2023-04-16 23:21:52,712 [INFO] PluginManager:220 - loadIPPluginJar : add comp
2023-04-16 23:21:52,714 [INFO] IPUIPlugin:80 - create IPUIPlugin
2023-04-16 23:21:52,714 [INFO] PluginManager:220 - loadIPPluginJar : add pdm2pcm
2023-04-16 23:21:52,719 [INFO] IPUIPlugin:80 - create IPUIPlugin
2023-04-16 23:21:52,720 [INFO] PluginManager:220 - loadIPPluginJar : add adc
2023-04-16 23:21:52,722 [INFO] IPUIPlugin:80 - create IPUIPlugin
2023-04-16 23:21:52,722 [INFO] PluginManager:220 - loadIPPluginJar : add cryp
2023-04-16 23:21:52,847 [INFO] CADModel:165 - CPN selected for project level
2023-04-16 23:21:52,847 [INFO] CADModel:114 - Register for checkConnection events
2023-04-16 23:21:52,847 [FATAL] Updater:308 - Updater called before beeing initialized
2023-04-16 23:21:52,848 [ERROR] CADModel:125 - Updater not yet initialized, retry later 
2023-04-16 23:21:53,015 [INFO] CADModel:165 - CPN selected for project level
2023-04-16 23:21:53,015 [INFO] CADModel:114 - Register for checkConnection events
2023-04-16 23:21:53,015 [FATAL] Updater:308 - Updater called before beeing initialized
2023-04-16 23:21:53,016 [ERROR] CADModel:125 - Updater not yet initialized, retry later 
2023-04-16 23:21:53,021 [FATAL] Updater:308 - Updater called before beeing initialized
2023-04-16 23:21:53,109 [FATAL] Updater:308 - Updater called before beeing initialized
2023-04-16 23:21:53,116 [INFO] DbMcusAds:53 - JSON generation date=Thu Sep 30 09:55:09 GMT+03:00 2021 (1632984909247)
2023-04-16 23:21:53,116 [FATAL] Updater:308 - Updater called before beeing initialized
2023-04-16 23:21:53,167 [WARN] DetailPanel:346 - Failed to get advertising image, set to default
2023-04-16 23:21:53,262 [FATAL] Updater:308 - Updater called before beeing initialized
2023-04-16 23:21:53,264 [FATAL] Updater:308 - Updater called before beeing initialized
2023-04-16 23:21:53,265 [FATAL] Updater:308 - Updater called before beeing initialized
2023-04-16 23:21:53,265 [WARN] DetailPanel:346 - Failed to get advertising image, set to default
2023-04-16 23:21:53,266 [FATAL] Updater:308 - Updater called before beeing initialized
2023-04-16 23:21:53,306 [ERROR] Updater:1120 - MainUpdater not yet initialized. External WinMGr cannot be set.
2023-04-16 23:21:53,309 [INFO] Updater:1056 - Updater Version found : 6.8.0
2023-04-16 23:21:53,329 [INFO] ApplicationProperties:184 - Using Application install path: /opt/st/stm32cubeide_1.12.0/plugins/com.st.stm32cube.common.mx_6.8.0.202302231600
2023-04-16 23:21:53,436 [INFO] MainUpdater:2854 - connection check result : 10
2023-04-16 23:21:53,436 [INFO] MainUpdater:3548 - Updater definition file requires update
2023-04-16 23:21:53,438 [INFO] MainUpdater:283 - Updater Check For Update Now.
2023-04-16 23:21:53,438 [INFO] MicroXplorer:498 - Change Database Version : DB.6.0.80
2023-04-16 23:21:53,468 [INFO] ServerAccessManage:473 - Download File updaters.zip
2023-04-16 23:21:53,574 [INFO] FileExtend:240 - Unzip File : updaters.zip
2023-04-16 23:21:53,574 [INFO] FileExtend:255 - Standard Zip Deflate
2023-04-16 23:21:54,324 [INFO] ServerAccessManage:473 - Download File PacksControlFlags.xml
2023-04-16 23:21:54,354 [INFO] ServerAccessManage:473 - Download File cubemx.pidx
2023-04-16 23:21:54,410 [INFO] LoadServerUpdatesThread:373 - End of LoadServerUpdate Thread
2023-04-16 23:21:54,759 [INFO] MainUpdater:2854 - connection check result : 10
2023-04-16 23:21:54,761 [INFO] MainUpdater:2854 - connection check result : 10
2023-04-16 23:21:54,766 [INFO] CheckServerUpdateThread:120 - End of CheckServer Thread
2023-04-16 23:21:54,839 [INFO] MicroXplorer:468 - Change Database Path : 
2023-04-16 23:21:54,839 [INFO] MicroXplorer:498 - Change Database Version : DB.6.0.80
2023-04-16 23:21:54,842 [WARN] ThirdParty:871 - waiting for thirdparty lock release [close project]
2023-04-16 23:21:55,108 [INFO] ThirdParty:978 - Integrity check success = true
2023-04-16 23:21:55,109 [INFO] IntegrityCheckThread:100 - exiting critical section [integrity check]
2023-04-16 23:21:55,142 [INFO] IntegrityCheckThread:103 - End integrity checks thread
2023-04-16 23:21:55,142 [INFO] ThirdParty:873 - entering critical section [close project]
2023-04-16 23:21:55,146 [INFO] ThirdParty:883 - exiting critical section [close project]
2023-04-16 23:21:55,212 [INFO] PinOutPanel:1499 - setPackage(No Configuration,No Configuration)
2023-04-16 23:21:55,221 [INFO] UtilMem:75 - Begin LoadConfig() Used Memory: 576965360 Bytes (670040064)
2023-04-16 23:21:55,224 [INFO] MicroXplorer:468 - Change Database Path : /home/user1/.stm32cubemx/databases/DB.6.0.21/db/
2023-04-16 23:21:55,224 [INFO] MicroXplorer:498 - Change Database Version : DB.6.0.21
2023-04-16 23:21:59,073 [INFO] OpenFileManager:308 - Change cursor
2023-04-16 23:21:59,701 [INFO] ApiDb:581 - Connected to CubeFinder SQLite database (/home/user1/.stmcufinder/plugins/mcufinder/mcu/cube-finder-db.db)
2023-04-16 23:21:59,712 [ERROR] LogOutputStream:75 - [STDERR_REDIRECT] com.st.microxplorer.db.DbException: SQL statement error: [SQLITE_CORRUPT]  The database disk image is malformed (database disk image is malformed)
2023-04-16 23:21:59,714 [ERROR] LogOutputStream:75 - [STDERR_REDIRECT] 	at com.st.microxplorer.mcufinder.db.DbUtils.logErrorAndThrowException(DbUtils.java:242)
2023-04-16 23:21:59,714 [ERROR] LogOutputStream:75 - [STDERR_REDIRECT] 	at com.st.microxplorer.mcufinder.db.ApiDb.getVersion(ApiDb.java:650)
2023-04-16 23:21:59,715 [ERROR] LogOutputStream:75 - [STDERR_REDIRECT] 	at com.st.microxplorer.mcufinder.db.ApiDb.checkCubeFinderDbVersion(ApiDb.java:665)
2023-04-16 23:21:59,715 [ERROR] LogOutputStream:75 - [STDERR_REDIRECT] 	at com.st.microxplorer.mcufinder.db.DbBoardsSqlite.<init>(DbBoardsSqlite.java:96)
2023-04-16 23:21:59,715 [ERROR] LogOutputStream:75 - [STDERR_REDIRECT] 	at com.st.microxplorer.mcufinder.db.DbBoards.getDbManager(DbBoards.java:117)
2023-04-16 23:21:59,715 [ERROR] LogOutputStream:75 - [STDERR_REDIRECT] 	at com.st.microxplorer.mcufinder.db.DbBoards.getBoardInfoFromCPN(DbBoards.java:1944)
2023-04-16 23:21:59,717 [ERROR] LogOutputStream:75 - [STDERR_REDIRECT] 	at com.st.microxplorer.mxsystem.ProjectFactory.swingWorkerLoad(ProjectFactory.java:394)
2023-04-16 23:21:59,717 [ERROR] LogOutputStream:75 - [STDERR_REDIRECT] 	at com.st.microxplorer.util.ProcessBarDialog.performAction(ProcessBarDialog.java:86)
2023-04-16 23:21:59,718 [ERROR] LogOutputStream:75 - [STDERR_REDIRECT] 	at com.st.microxplorer.util.ProcessBarDialog$1.doInBackground(ProcessBarDialog.java:157)
2023-04-16 23:21:59,718 [ERROR] LogOutputStream:75 - [STDERR_REDIRECT] 	at com.st.microxplorer.util.ProcessBarDialog$1.doInBackground(ProcessBarDialog.java:154)
2023-04-16 23:21:59,719 [ERROR] LogOutputStream:75 - [STDERR_REDIRECT] 	at java.desktop/javax.swing.SwingWorker$1.call(SwingWorker.java:304)
2023-04-16 23:21:59,719 [ERROR] LogOutputStream:75 - [STDERR_REDIRECT] 	at java.base/java.util.concurrent.FutureTask.run(FutureTask.java:264)
2023-04-16 23:21:59,720 [ERROR] LogOutputStream:75 - [STDERR_REDIRECT] 	at java.desktop/javax.swing.SwingWorker.run(SwingWorker.java:343)
2023-04-16 23:21:59,720 [ERROR] LogOutputStream:75 - [STDERR_REDIRECT] 	at java.base/java.util.concurrent.ThreadPoolExecutor.runWorker(ThreadPoolExecutor.java:1128)
2023-04-16 23:21:59,721 [ERROR] LogOutputStream:75 - [STDERR_REDIRECT] 	at java.base/java.util.concurrent.ThreadPoolExecutor$Worker.run(ThreadPoolExecutor.java:628)
2023-04-16 23:21:59,721 [ERROR] LogOutputStream:75 - [STDERR_REDIRECT] 	at java.base/java.lang.Thread.run(Thread.java:829)
2023-04-16 23:21:59,736 [ERROR] DbUtils:243 - com.st.microxplorer.db.DbException: SQL statement error: [SQLITE_CORRUPT]  The database disk image is malformed (database disk image is malformed)
2023-04-16 23:21:59,738 [ERROR] DbBoardsSqlite:102 - Failed to load or decode database: SQL statement error: [SQLITE_CORRUPT]  The database disk image is malformed (database disk image is malformed)
2023-04-16 23:21:59,739 [ERROR] ApiDb:702 - SQL statement error: [SQLITE_CORRUPT]  The database disk image is malformed (database disk image is malformed)
2023-04-16 23:21:59,740 [INFO] ApiDb:240 - Found 297 in-development CPN: [B-G473E-ZEST1S, B-WB1M-WPAN1, B-WL5M-SUBG1, NUCLEO-C031C6, NUCLEO-H503RB, NUCLEO-H563ZI, NUCLEO-U545RE-Q, NUCLEO-U5A5ZJ-Q, NUCLEO-WBA52CG, STEVAL-PROTEUS1, STEVAL-STWINBX1, STM320518-EVAL, STM32C0116-DK, STM32C011D6Y3TR, STM32C011D6Y6TR, STM32C011F4P3, STM32C011F4P6, STM32C011F4U3, STM32C011F4U6TR, STM32C011F6P3, STM32C011F6P6, STM32C011F6U3, STM32C011F6U6TR, STM32C011J4M3, STM32C011J4M6, STM32C011J6M3, STM32C011J6M6, STM32C0316-DK, STM32C031C4T3, STM32C031C4T6, STM32C031C4U3, STM32C031C4U6, STM32C031C6T3, STM32C031C6T6, STM32C031C6U3, STM32C031C6U6, STM32C031F4P3, STM32C031F4P6, STM32C031F6P3, STM32C031F6P6, STM32C031G4U3, STM32C031G4U6, STM32C031G6U3, STM32C031G6U6, STM32C031K4T3, STM32C031K4T6, STM32C031K4U3, STM32C031K4U6, STM32C031K6T3, STM32C031K6T6, STM32C031K6U3, STM32C031K6U6, STM32G071K8TXN, STM32G071K8UXN, STM32G081GBU6N, STM32G081KBT6N, STM32G081KBUXN, STM32G0B1CCT6N, STM32G0B1KCT6, STM32G0B1NEY6TR, STM32G0B1RCT6N, STM32G0C1CCT6, STM32G0C1CCT6N, STM32G0C1CCU6N, STM32G0C1CET6N, STM32G0C1CEU6N, STM32G0C1KCT6, STM32G0C1NEY6TR, STM32G0C1RCI6N, STM32G0C1RCT6N, STM32G0C1REI6N, STM32G0C1RET6N, STM32G0C1VCI6, STM32G0C1VEI6, STM32G471CCT6, STM32G471CCU6, STM32G471CET3, STM32G471CET6, STM32G471CEU3, STM32G471CEU6, STM32G471MCT6, STM32G471MET3, STM32G471MET6, STM32G471MEY6TR, STM32G471QCT6, STM32G471QET3, STM32G471RCT6, STM32G471RET3, STM32G471RET6, STM32G471VCH6, STM32G471VCI6, STM32G471VCT6, STM32G471VEH3, STM32G471VEH6, STM32G471VEI3, STM32G471VEI6, STM32G471VET3, STM32G471VET6, STM32G474CCT6, STM32H503CBT6, STM32H503CBU6, STM32H503EBY6TR, STM32H503KBU6, STM32H503RBT6, STM32H562AGI6, STM32H562AII6, STM32H562IGK6, STM32H562IGT6, STM32H562IIK6, STM32H562IIT6, STM32H562RGT6, STM32H562RGV6, STM32H562RIT6, STM32H562RIV6, STM32H562VGT6, STM32H562VIT6, STM32H562ZGT6, STM32H562ZIT6, STM32H563AGI6, STM32H563AII3Q, STM32H563AII6, STM32H563IGK6, STM32H563IGT6, STM32H563IIK3Q, STM32H563IIK6, STM32H563IIT3Q, STM32H563IIT6, STM32H563MIY3QTR, STM32H563RGT6, STM32H563RGV6, STM32H563RIT6, STM32H563RIV6, STM32H563VGT6, STM32H563VIT3Q, STM32H563VIT6, STM32H563ZGT6, STM32H563ZIT3Q, STM32H563ZIT6, STM32H573AII3Q, STM32H573AII6, STM32H573I-DK, STM32H573IIK3Q, STM32H573IIK6, STM32H573IIT3Q, STM32H573IIT6, STM32H573MIY3QTR, STM32H573RIT6, STM32H573RIV6, STM32H573VIT3Q, STM32H573VIT6, STM32H573ZIT3Q, STM32H573ZIT6, STM32L4R5QGI6STR, STM32MP131AAE3, STM32MP131AAF3, STM32MP131AAG3, STM32MP131CAE3, STM32MP131CAF3, STM32MP131CAG3, STM32MP131DAE7, STM32MP131DAF7, STM32MP131DAG7, STM32MP131FAE7, STM32MP131FAF7, STM32MP131FAG7, STM32MP133AAE3, STM32MP133AAF3, STM32MP133AAG3, STM32MP133CAE3, STM32MP133CAF3, STM32MP133CAG3, STM32MP133DAE7, STM32MP133DAF7, STM32MP133DAG7, STM32MP133FAE7, STM32MP133FAF7, STM32MP133FAG7, STM32MP135AAE3, STM32MP135AAF3, STM32MP135AAG3, STM32MP135CAE3, STM32MP135CAF3, STM32MP135CAG3, STM32MP135DAE7, STM32MP135DAF7, STM32MP135DAG7, STM32MP135F-DK, STM32MP135FAE7, STM32MP135FAF7, STM32MP135FAF7T, STM32MP135FAF7U, STM32MP135FAG7, STM32U535CBT6, STM32U535CBT6Q, STM32U535CBU6, STM32U535CBU6Q, STM32U535CCT6, STM32U535CCT6Q, STM32U535CCU6, STM32U535CCU6Q, STM32U535CET6, STM32U535CET6Q, STM32U535CEU6, STM32U535CEU6Q, STM32U535JEY6QTR, STM32U535NCY6QTR, STM32U535NEY6QTR, STM32U535RBI6, STM32U535RBI6Q, STM32U535RBT6, STM32U535RBT6Q, STM32U535RCI6, STM32U535RCI6Q, STM32U535RCT6, STM32U535RCT6Q, STM32U535REI6, STM32U535REI6Q, STM32U535RET6, STM32U535RET6Q, STM32U535VCI6, STM32U535VCI6Q, STM32U535VCT6, STM32U535VCT6Q, STM32U535VEI6, STM32U535VEI6Q, STM32U535VET6, STM32U535VET6Q, STM32U545CET6, STM32U545CET6Q, STM32U545CEU6, STM32U545CEU6Q, STM32U545JEY6QTR, STM32U545NEY6QTR, STM32U545REI6, STM32U545REI6Q, STM32U545RET6, STM32U545RET6Q, STM32U545VEI6, STM32U545VEI6Q, STM32U545VET6, STM32U545VET6Q, STM32U595AIH6, STM32U595AIH6Q, STM32U595AJH6, STM32U595AJH6Q, STM32U595QII6, STM32U595QII6Q, STM32U595QJI6, STM32U595QJI6Q, STM32U595RIT6, STM32U595RIT6Q, STM32U595RJT6, STM32U595RJT6Q, STM32U595VIT6, STM32U595VIT6Q, STM32U595VJT6, STM32U595VJT6Q, STM32U595ZIT6, STM32U595ZIT6Q, STM32U595ZIY6QTR, STM32U595ZJT6, STM32U595ZJT6Q, STM32U595ZJY6QTR, STM32U599BJY6QTR, STM32U599NIH6Q, STM32U599NJH6Q, STM32U599VIT6Q, STM32U599VJT6, STM32U599VJT6Q, STM32U599ZIT6Q, STM32U599ZIY6QTR, STM32U599ZJT6Q, STM32U599ZJY6QTR, STM32U5A5AJH6, STM32U5A5AJH6Q, STM32U5A5QJI6, STM32U5A5QJI6Q, STM32U5A5RJT6, STM32U5A5RJT6Q, STM32U5A5VJT6, STM32U5A5VJT6Q, STM32U5A5ZJT6, STM32U5A5ZJT6Q, STM32U5A5ZJY6QTR, STM32U5A9BJY6QTR, STM32U5A9J-DK, STM32U5A9NJH6Q, STM32U5A9VJT6Q, STM32U5A9ZJT6Q, STM32U5A9ZJY6QTR, STM32WB1MMCH6, STM32WBA52CEU6, STM32WBA52CEU6T, STM32WBA52CGU6, STM32WBA52CGU6T, STM32WL5MOCH6, STM32WL5MOCH6TR]
2023-04-16 23:21:59,742 [INFO] DbBoards:161 - Found 0 boards, 0 are supported
2023-04-16 23:21:59,743 [INFO] ApiDb:414 - User favorites file not found: /home/user1/.stm32cubeide/favorites.boards.txt
2023-04-16 23:21:59,743 [INFO] DbBoards:190 - Set 0 / 0 favorites Boards
2023-04-16 23:21:59,751 [ERROR] LogOutputStream:75 - [STDERR_REDIRECT] com.st.microxplorer.db.DbException: SQL statement error: [SQLITE_CORRUPT]  The database disk image is malformed (database disk image is malformed)
2023-04-16 23:21:59,751 [ERROR] LogOutputStream:75 - [STDERR_REDIRECT] 	at com.st.microxplorer.mcufinder.db.DbUtils.logErrorAndThrowException(DbUtils.java:242)
2023-04-16 23:21:59,757 [ERROR] LogOutputStream:75 - [STDERR_REDIRECT] 	at com.st.microxplorer.mcufinder.db.ApiDb.getVersion(ApiDb.java:650)
2023-04-16 23:21:59,758 [ERROR] LogOutputStream:75 - [STDERR_REDIRECT] 	at com.st.microxplorer.mcufinder.db.ApiDb.checkCubeFinderDbVersion(ApiDb.java:665)
2023-04-16 23:21:59,760 [ERROR] LogOutputStream:75 - [STDERR_REDIRECT] 	at com.st.microxplorer.mcufinder.db.DbMcusSqlite.<init>(DbMcusSqlite.java:160)
2023-04-16 23:21:59,760 [ERROR] LogOutputStream:75 - [STDERR_REDIRECT] 	at com.st.microxplorer.mcufinder.db.DbMcus.getDbManager(DbMcus.java:176)
2023-04-16 23:21:59,761 [ERROR] LogOutputStream:75 - [STDERR_REDIRECT] 	at com.st.microxplorer.mcufinder.db.DbBoards.getDbManager(DbBoards.java:196)
2023-04-16 23:21:59,761 [ERROR] LogOutputStream:75 - [STDERR_REDIRECT] 	at com.st.microxplorer.mcufinder.db.DbBoards.getBoardInfoFromCPN(DbBoards.java:1944)
2023-04-16 23:21:59,761 [ERROR] LogOutputStream:75 - [STDERR_REDIRECT] 	at com.st.microxplorer.mxsystem.ProjectFactory.swingWorkerLoad(ProjectFactory.java:394)
2023-04-16 23:21:59,765 [ERROR] LogOutputStream:75 - [STDERR_REDIRECT] 	at com.st.microxplorer.util.ProcessBarDialog.performAction(ProcessBarDialog.java:86)
2023-04-16 23:21:59,767 [ERROR] LogOutputStream:75 - [STDERR_REDIRECT] 	at com.st.microxplorer.util.ProcessBarDialog$1.doInBackground(ProcessBarDialog.java:157)
2023-04-16 23:21:59,768 [ERROR] LogOutputStream:75 - [STDERR_REDIRECT] 	at com.st.microxplorer.util.ProcessBarDialog$1.doInBackground(ProcessBarDialog.java:154)
2023-04-16 23:21:59,768 [ERROR] LogOutputStream:75 - [STDERR_REDIRECT] 	at java.desktop/javax.swing.SwingWorker$1.call(SwingWorker.java:304)
2023-04-16 23:21:59,769 [ERROR] LogOutputStream:75 - [STDERR_REDIRECT] 	at java.base/java.util.concurrent.FutureTask.run(FutureTask.java:264)
2023-04-16 23:21:59,771 [ERROR] LogOutputStream:75 - [STDERR_REDIRECT] 	at java.desktop/javax.swing.SwingWorker.run(SwingWorker.java:343)
2023-04-16 23:21:59,772 [ERROR] LogOutputStream:75 - [STDERR_REDIRECT] 	at java.base/java.util.concurrent.ThreadPoolExecutor.runWorker(ThreadPoolExecutor.java:1128)
2023-04-16 23:21:59,772 [ERROR] LogOutputStream:75 - [STDERR_REDIRECT] 	at java.base/java.util.concurrent.ThreadPoolExecutor$Worker.run(ThreadPoolExecutor.java:628)
2023-04-16 23:21:59,773 [ERROR] LogOutputStream:75 - [STDERR_REDIRECT] 	at java.base/java.lang.Thread.run(Thread.java:829)
2023-04-16 23:21:59,773 [ERROR] DbUtils:243 - com.st.microxplorer.db.DbException: SQL statement error: [SQLITE_CORRUPT]  The database disk image is malformed (database disk image is malformed)
2023-04-16 23:21:59,776 [ERROR] DbMcusSqlite:166 - Failed to load or decode database: SQL statement error: [SQLITE_CORRUPT]  The database disk image is malformed (database disk image is malformed)
2023-04-16 23:21:59,777 [ERROR] ApiDb:702 - SQL statement error: [SQLITE_CORRUPT]  The database disk image is malformed (database disk image is malformed)
2023-04-16 23:21:59,782 [INFO] ApiDb:240 - Found 297 in-development CPN: [B-G473E-ZEST1S, B-WB1M-WPAN1, B-WL5M-SUBG1, NUCLEO-C031C6, NUCLEO-H503RB, NUCLEO-H563ZI, NUCLEO-U545RE-Q, NUCLEO-U5A5ZJ-Q, NUCLEO-WBA52CG, STEVAL-PROTEUS1, STEVAL-STWINBX1, STM320518-EVAL, STM32C0116-DK, STM32C011D6Y3TR, STM32C011D6Y6TR, STM32C011F4P3, STM32C011F4P6, STM32C011F4U3, STM32C011F4U6TR, STM32C011F6P3, STM32C011F6P6, STM32C011F6U3, STM32C011F6U6TR, STM32C011J4M3, STM32C011J4M6, STM32C011J6M3, STM32C011J6M6, STM32C0316-DK, STM32C031C4T3, STM32C031C4T6, STM32C031C4U3, STM32C031C4U6, STM32C031C6T3, STM32C031C6T6, STM32C031C6U3, STM32C031C6U6, STM32C031F4P3, STM32C031F4P6, STM32C031F6P3, STM32C031F6P6, STM32C031G4U3, STM32C031G4U6, STM32C031G6U3, STM32C031G6U6, STM32C031K4T3, STM32C031K4T6, STM32C031K4U3, STM32C031K4U6, STM32C031K6T3, STM32C031K6T6, STM32C031K6U3, STM32C031K6U6, STM32G071K8TXN, STM32G071K8UXN, STM32G081GBU6N, STM32G081KBT6N, STM32G081KBUXN, STM32G0B1CCT6N, STM32G0B1KCT6, STM32G0B1NEY6TR, STM32G0B1RCT6N, STM32G0C1CCT6, STM32G0C1CCT6N, STM32G0C1CCU6N, STM32G0C1CET6N, STM32G0C1CEU6N, STM32G0C1KCT6, STM32G0C1NEY6TR, STM32G0C1RCI6N, STM32G0C1RCT6N, STM32G0C1REI6N, STM32G0C1RET6N, STM32G0C1VCI6, STM32G0C1VEI6, STM32G471CCT6, STM32G471CCU6, STM32G471CET3, STM32G471CET6, STM32G471CEU3, STM32G471CEU6, STM32G471MCT6, STM32G471MET3, STM32G471MET6, STM32G471MEY6TR, STM32G471QCT6, STM32G471QET3, STM32G471RCT6, STM32G471RET3, STM32G471RET6, STM32G471VCH6, STM32G471VCI6, STM32G471VCT6, STM32G471VEH3, STM32G471VEH6, STM32G471VEI3, STM32G471VEI6, STM32G471VET3, STM32G471VET6, STM32G474CCT6, STM32H503CBT6, STM32H503CBU6, STM32H503EBY6TR, STM32H503KBU6, STM32H503RBT6, STM32H562AGI6, STM32H562AII6, STM32H562IGK6, STM32H562IGT6, STM32H562IIK6, STM32H562IIT6, STM32H562RGT6, STM32H562RGV6, STM32H562RIT6, STM32H562RIV6, STM32H562VGT6, STM32H562VIT6, STM32H562ZGT6, STM32H562ZIT6, STM32H563AGI6, STM32H563AII3Q, STM32H563AII6, STM32H563IGK6, STM32H563IGT6, STM32H563IIK3Q, STM32H563IIK6, STM32H563IIT3Q, STM32H563IIT6, STM32H563MIY3QTR, STM32H563RGT6, STM32H563RGV6, STM32H563RIT6, STM32H563RIV6, STM32H563VGT6, STM32H563VIT3Q, STM32H563VIT6, STM32H563ZGT6, STM32H563ZIT3Q, STM32H563ZIT6, STM32H573AII3Q, STM32H573AII6, STM32H573I-DK, STM32H573IIK3Q, STM32H573IIK6, STM32H573IIT3Q, STM32H573IIT6, STM32H573MIY3QTR, STM32H573RIT6, STM32H573RIV6, STM32H573VIT3Q, STM32H573VIT6, STM32H573ZIT3Q, STM32H573ZIT6, STM32L4R5QGI6STR, STM32MP131AAE3, STM32MP131AAF3, STM32MP131AAG3, STM32MP131CAE3, STM32MP131CAF3, STM32MP131CAG3, STM32MP131DAE7, STM32MP131DAF7, STM32MP131DAG7, STM32MP131FAE7, STM32MP131FAF7, STM32MP131FAG7, STM32MP133AAE3, STM32MP133AAF3, STM32MP133AAG3, STM32MP133CAE3, STM32MP133CAF3, STM32MP133CAG3, STM32MP133DAE7, STM32MP133DAF7, STM32MP133DAG7, STM32MP133FAE7, STM32MP133FAF7, STM32MP133FAG7, STM32MP135AAE3, STM32MP135AAF3, STM32MP135AAG3, STM32MP135CAE3, STM32MP135CAF3, STM32MP135CAG3, STM32MP135DAE7, STM32MP135DAF7, STM32MP135DAG7, STM32MP135F-DK, STM32MP135FAE7, STM32MP135FAF7, STM32MP135FAF7T, STM32MP135FAF7U, STM32MP135FAG7, STM32U535CBT6, STM32U535CBT6Q, STM32U535CBU6, STM32U535CBU6Q, STM32U535CCT6, STM32U535CCT6Q, STM32U535CCU6, STM32U535CCU6Q, STM32U535CET6, STM32U535CET6Q, STM32U535CEU6, STM32U535CEU6Q, STM32U535JEY6QTR, STM32U535NCY6QTR, STM32U535NEY6QTR, STM32U535RBI6, STM32U535RBI6Q, STM32U535RBT6, STM32U535RBT6Q, STM32U535RCI6, STM32U535RCI6Q, STM32U535RCT6, STM32U535RCT6Q, STM32U535REI6, STM32U535REI6Q, STM32U535RET6, STM32U535RET6Q, STM32U535VCI6, STM32U535VCI6Q, STM32U535VCT6, STM32U535VCT6Q, STM32U535VEI6, STM32U535VEI6Q, STM32U535VET6, STM32U535VET6Q, STM32U545CET6, STM32U545CET6Q, STM32U545CEU6, STM32U545CEU6Q, STM32U545JEY6QTR, STM32U545NEY6QTR, STM32U545REI6, STM32U545REI6Q, STM32U545RET6, STM32U545RET6Q, STM32U545VEI6, STM32U545VEI6Q, STM32U545VET6, STM32U545VET6Q, STM32U595AIH6, STM32U595AIH6Q, STM32U595AJH6, STM32U595AJH6Q, STM32U595QII6, STM32U595QII6Q, STM32U595QJI6, STM32U595QJI6Q, STM32U595RIT6, STM32U595RIT6Q, STM32U595RJT6, STM32U595RJT6Q, STM32U595VIT6, STM32U595VIT6Q, STM32U595VJT6, STM32U595VJT6Q, STM32U595ZIT6, STM32U595ZIT6Q, STM32U595ZIY6QTR, STM32U595ZJT6, STM32U595ZJT6Q, STM32U595ZJY6QTR, STM32U599BJY6QTR, STM32U599NIH6Q, STM32U599NJH6Q, STM32U599VIT6Q, STM32U599VJT6, STM32U599VJT6Q, STM32U599ZIT6Q, STM32U599ZIY6QTR, STM32U599ZJT6Q, STM32U599ZJY6QTR, STM32U5A5AJH6, STM32U5A5AJH6Q, STM32U5A5QJI6, STM32U5A5QJI6Q, STM32U5A5RJT6, STM32U5A5RJT6Q, STM32U5A5VJT6, STM32U5A5VJT6Q, STM32U5A5ZJT6, STM32U5A5ZJT6Q, STM32U5A5ZJY6QTR, STM32U5A9BJY6QTR, STM32U5A9J-DK, STM32U5A9NJH6Q, STM32U5A9VJT6Q, STM32U5A9ZJT6Q, STM32U5A9ZJY6QTR, STM32WB1MMCH6, STM32WBA52CEU6, STM32WBA52CEU6T, STM32WBA52CGU6, STM32WBA52CGU6T, STM32WL5MOCH6, STM32WL5MOCH6TR]
2023-04-16 23:21:59,784 [INFO] DbMcus:216 - Found 0 MCUs, 0 are supported
2023-04-16 23:21:59,784 [INFO] ApiDb:414 - User favorites file not found: /home/user1/.stm32cubeide/favorites.mcus.txt
2023-04-16 23:21:59,786 [INFO] DbMcus:222 - Set 0 / 0 favorites MCUs
2023-04-16 23:21:59,788 [INFO] ProjectFactory:402 - No CPN specified for board STM32F407G-DISC1 => set CPN to 
2023-04-16 23:21:59,795 [INFO] Mcu:1937 - Initializing MCU STM32F407V(E-G)Tx STM32F407VGTx 
2023-04-16 23:22:04,648 [INFO] Context:659 - Trying to add GPIOservice into a context  which must be forbidden
2023-04-16 23:22:05,532 [INFO] RtosManager:555 - Registered RTOS mode: class=CMSIS, group=RTOS, mode=CMSIS_V1, owner=FREERTOS
2023-04-16 23:22:05,533 [INFO] RtosManager:555 - Registered RTOS mode: class=CMSIS, group=RTOS2, mode=CMSIS_V2, owner=FREERTOS
2023-04-16 23:22:05,533 [INFO] RtosManager:555 - Registered RTOS mode: class=RTOS, group=Core, mode=CMSIS_V1, owner=FREERTOS
2023-04-16 23:22:05,533 [INFO] RtosManager:555 - Registered RTOS mode: class=RTOS, group=Core, mode=CMSIS_V2, owner=FREERTOS
2023-04-16 23:22:05,534 [WARN] ModelIntegratedComponent:184 - Missing modes for component STMicroelectronics:FreeRTOS:0.0.1:STMicroelectronics:RTOS:FreeRTOS:Core:::10.2.0:
2023-04-16 23:22:05,538 [WARN] ModelIntegratedComponent:63 - No mode defined for component null
2023-04-16 23:22:05,538 [WARN] ModelIntegratedComponent:63 - No mode defined for component null
2023-04-16 23:22:05,538 [WARN] ModelIntegratedComponent:63 - No mode defined for component null
2023-04-16 23:22:05,538 [WARN] ModelIntegratedComponent:63 - No mode defined for component null
2023-04-16 23:22:05,539 [WARN] ModelIntegratedComponent:63 - No mode defined for component null
2023-04-16 23:22:05,539 [WARN] ModelIntegratedComponent:63 - No mode defined for component null
2023-04-16 23:22:05,539 [WARN] ModelIntegratedComponent:63 - No mode defined for component null
2023-04-16 23:22:05,539 [WARN] ModelIntegratedComponent:63 - No mode defined for component null
2023-04-16 23:22:05,539 [WARN] ModelIntegratedComponent:63 - No mode defined for component null
2023-04-16 23:22:05,539 [WARN] ModelIntegratedComponent:63 - No mode defined for component null
2023-04-16 23:22:05,539 [WARN] ModelIntegratedComponent:63 - No mode defined for component null
2023-04-16 23:22:05,539 [WARN] ModelIntegratedComponent:63 - No mode defined for component null
2023-04-16 23:22:05,540 [WARN] ModelIntegratedComponent:63 - No mode defined for component null
2023-04-16 23:22:05,540 [WARN] ModelIntegratedComponent:63 - No mode defined for component null
2023-04-16 23:22:05,541 [WARN] ModelIntegratedComponent:63 - No mode defined for component null
2023-04-16 23:22:05,541 [WARN] ModelIntegratedComponent:63 - No mode defined for component null
2023-04-16 23:22:05,541 [WARN] ModelIntegratedComponent:63 - No mode defined for component null
2023-04-16 23:22:05,541 [WARN] ModelIntegratedComponent:63 - No mode defined for component null
2023-04-16 23:22:05,541 [WARN] ModelIntegratedComponent:63 - No mode defined for component null
2023-04-16 23:22:05,541 [WARN] ModelIntegratedComponent:63 - No mode defined for component null
2023-04-16 23:22:05,541 [WARN] ModelIntegratedComponent:63 - No mode defined for component null
2023-04-16 23:22:05,541 [WARN] ModelIntegratedComponent:63 - No mode defined for component null
2023-04-16 23:22:05,541 [WARN] ModelIntegratedComponent:63 - No mode defined for component null
2023-04-16 23:22:05,541 [WARN] ModelIntegratedComponent:63 - No mode defined for component null
2023-04-16 23:22:05,541 [WARN] ModelIntegratedComponent:63 - No mode defined for component null
2023-04-16 23:22:05,541 [WARN] ModelIntegratedComponent:63 - No mode defined for component null
2023-04-16 23:22:05,541 [WARN] ModelIntegratedComponent:63 - No mode defined for component null
2023-04-16 23:22:05,542 [WARN] ModelIntegratedComponent:63 - No mode defined for component null
2023-04-16 23:22:05,542 [WARN] ModelIntegratedComponent:63 - No mode defined for component null
2023-04-16 23:22:05,542 [WARN] ModelIntegratedComponent:63 - No mode defined for component null
2023-04-16 23:22:05,542 [WARN] ModelIntegratedComponent:63 - No mode defined for component null
2023-04-16 23:22:05,542 [WARN] ModelIntegratedComponent:63 - No mode defined for component null
2023-04-16 23:22:05,542 [WARN] ModelIntegratedComponent:63 - No mode defined for component null
2023-04-16 23:22:05,556 [INFO] ThirdPartyModel:298 - Start build external matchings
2023-04-16 23:22:05,558 [INFO] ThirdPartyModel:316 - End build external matchings
2023-04-16 23:22:05,569 [INFO] RtosManager:919 - Current active RTOS is FREERTOS [Cortex-M4NS]
2023-04-16 23:22:05,724 [INFO] ImportTextPane:194 - (OptionalMessage_ERROR) IP (RCC) : Parameter (RTCHSEDivFreq_Value) has invalid value (4000000)
2023-04-16 23:22:07,168 [INFO] UtilMem:75 - End LoadConfig() Used Memory: 469963312 Bytes (676331520)
2023-04-16 23:22:07,316 [WARN] ThirdParty:833 - waiting for thirdparty lock release [change project]
2023-04-16 23:22:07,317 [INFO] ThirdParty:835 - entering critical section [change project]
2023-04-16 23:22:07,318 [INFO] ThirdParty:1030 - CMSIS Pack Vendor :STMicroelectronics ThreadX 1.0.0
2023-04-16 23:22:07,318 [INFO] ThirdParty:1030 - CMSIS Pack Vendor :STMicroelectronics USB_HOST 2.0.0
2023-04-16 23:22:07,318 [INFO] ThirdParty:1030 - CMSIS Pack Vendor :STMicroelectronics LIBJPEG 8.0.0
2023-04-16 23:22:07,318 [INFO] ThirdParty:1030 - CMSIS Pack Vendor :STMicroelectronics FreeRTOS 0.0.1
2023-04-16 23:22:07,318 [INFO] ThirdParty:1030 - CMSIS Pack Vendor :STMicroelectronics USB_DEVICE 1.0.0
2023-04-16 23:22:07,319 [INFO] ThirdParty:1030 - CMSIS Pack Vendor :STMicroelectronics STM32_WPAN 1.0.0
2023-04-16 23:22:07,319 [INFO] ThirdParty:1030 - CMSIS Pack Vendor :STMicroelectronics USB_DEVICE 3.0.0
2023-04-16 23:22:07,319 [INFO] ThirdParty:1030 - CMSIS Pack Vendor :STMicroelectronics HAL Drivers 0.0.0
2023-04-16 23:22:07,319 [INFO] ThirdParty:1030 - CMSIS Pack Vendor :STMicroelectronics MBEDTLS 2.16.2
2023-04-16 23:22:07,319 [INFO] ThirdParty:1030 - CMSIS Pack Vendor :STMicroelectronics ThreadX 0.0.2
2023-04-16 23:22:07,319 [INFO] ThirdParty:1030 - CMSIS Pack Vendor :STMicroelectronics lwIP 2.1.2
2023-04-16 23:22:07,319 [INFO] ThirdParty:1030 - CMSIS Pack Vendor :STMicroelectronics lwIP 2.0.3
2023-04-16 23:22:07,319 [INFO] ThirdParty:1030 - CMSIS Pack Vendor :STMicroelectronics MBEDTLS 2.14.1
2023-04-16 23:22:07,319 [INFO] ThirdParty:1030 - CMSIS Pack Vendor :STMicroelectronics USB_HOST 1.0.0
2023-04-16 23:22:07,319 [INFO] ThirdParty:1030 - CMSIS Pack Vendor :STMicroelectronics PDM2PCM 3.1.0
2023-04-16 23:22:07,319 [INFO] ThirdParty:1030 - CMSIS Pack Vendor :STMicroelectronics USB_DEVICE 2.0.0
2023-04-16 23:22:07,319 [INFO] ThirdParty:1030 - CMSIS Pack Vendor :STMicroelectronics PDM2PCM 3.2.0
2023-04-16 23:22:07,319 [INFO] ThirdParty:1030 - CMSIS Pack Vendor :STMicroelectronics PDM2PCM 3.3.0
2023-04-16 23:22:07,320 [INFO] ThirdParty:841 - exiting critical section [change project]
2023-04-16 23:22:09,649 [INFO] PinOutPanel:1499 - setPackage(No Configuration,No Configuration)
2023-04-16 23:22:09,722 [INFO] PinOutPanel:1499 - setPackage(STM32F407VGTx,LQFP100)
2023-04-16 23:22:11,498 [INFO] UtilMem:75 - Before build in PCC Used Memory: 517436424 Bytes (676331520)
2023-04-16 23:22:15,062 [INFO] UtilMem:75 - After build in PCC Used Memory: 489554144 Bytes (676331520)
2023-04-16 23:22:15,181 [INFO] ApiDbMcu:507 - Load IP Config File for FREERTOS
2023-04-16 23:22:15,215 [INFO] ApiDbMcu:507 - Load IP Config File for LWIP
2023-04-16 23:22:15,216 [WARN] BspModel:443 - BSP dependency skipped because of component: name='LAN8742', api='BSP_COMPONENT_DRIVER'
2023-04-16 23:22:15,258 [INFO] IPUIPlugin:80 - create IPUIPlugin
2023-04-16 23:22:15,259 [INFO] IPUIPlugin:80 - create IPUIPlugin
2023-04-16 23:22:15,259 [INFO] IPUIPlugin:80 - create IPUIPlugin
2023-04-16 23:22:15,259 [INFO] IPUIPlugin:80 - create IPUIPlugin
2023-04-16 23:22:15,259 [INFO] IPUIPlugin:80 - create IPUIPlugin
2023-04-16 23:22:15,259 [INFO] IPUIPlugin:80 - create IPUIPlugin
2023-04-16 23:22:15,259 [INFO] IPUIPlugin:80 - create IPUIPlugin
2023-04-16 23:22:15,260 [INFO] IPUIPlugin:80 - create IPUIPlugin
2023-04-16 23:22:15,260 [INFO] IPUIPlugin:80 - create IPUIPlugin
2023-04-16 23:22:15,260 [INFO] IPUIPlugin:80 - create IPUIPlugin
2023-04-16 23:22:15,260 [INFO] IPUIPlugin:80 - create IPUIPlugin
2023-04-16 23:22:15,260 [INFO] IPUIPlugin:80 - create IPUIPlugin
2023-04-16 23:22:15,260 [INFO] IPUIPlugin:80 - create IPUIPlugin
2023-04-16 23:22:15,260 [INFO] IPUIPlugin:80 - create IPUIPlugin
2023-04-16 23:22:15,260 [INFO] IPUIPlugin:80 - create IPUIPlugin
2023-04-16 23:22:15,260 [INFO] IPUIPlugin:80 - create IPUIPlugin
2023-04-16 23:22:15,260 [INFO] IPUIPlugin:80 - create IPUIPlugin
2023-04-16 23:22:15,260 [INFO] IPUIPlugin:80 - create IPUIPlugin
2023-04-16 23:22:15,261 [INFO] IPUIPlugin:80 - create IPUIPlugin
2023-04-16 23:22:15,261 [INFO] IPUIPlugin:80 - create IPUIPlugin
2023-04-16 23:22:15,261 [INFO] IPUIPlugin:80 - create IPUIPlugin
2023-04-16 23:22:15,261 [INFO] IPUIPlugin:80 - create IPUIPlugin
2023-04-16 23:22:15,261 [INFO] IPUIPlugin:80 - create IPUIPlugin
2023-04-16 23:22:15,261 [INFO] IPUIPlugin:80 - create IPUIPlugin
2023-04-16 23:22:15,262 [INFO] IPUIPlugin:80 - create IPUIPlugin
2023-04-16 23:22:15,262 [INFO] IPUIPlugin:80 - create IPUIPlugin
2023-04-16 23:22:15,262 [INFO] IPUIPlugin:80 - create IPUIPlugin
2023-04-16 23:22:15,262 [INFO] IPUIPlugin:80 - create IPUIPlugin
2023-04-16 23:22:15,262 [INFO] IPUIPlugin:80 - create IPUIPlugin
2023-04-16 23:22:15,262 [INFO] IPUIPlugin:80 - create IPUIPlugin
2023-04-16 23:22:15,263 [INFO] IPUIPlugin:80 - create IPUIPlugin
2023-04-16 23:22:15,263 [INFO] IPUIPlugin:80 - create IPUIPlugin
2023-04-16 23:22:15,263 [INFO] IPUIPlugin:80 - create IPUIPlugin
2023-04-16 23:22:15,263 [INFO] IPUIPlugin:80 - create IPUIPlugin
2023-04-16 23:22:15,263 [INFO] IPUIPlugin:80 - create IPUIPlugin
2023-04-16 23:22:15,263 [INFO] IPUIPlugin:80 - create IPUIPlugin
2023-04-16 23:22:15,263 [INFO] IPUIPlugin:80 - create IPUIPlugin
2023-04-16 23:22:15,263 [INFO] IPUIPlugin:80 - create IPUIPlugin
2023-04-16 23:22:15,263 [INFO] IPUIPlugin:80 - create IPUIPlugin
2023-04-16 23:22:15,264 [INFO] IPUIPlugin:80 - create IPUIPlugin
2023-04-16 23:22:15,264 [INFO] IPUIPlugin:80 - create IPUIPlugin
2023-04-16 23:22:15,264 [INFO] IPUIPlugin:80 - create IPUIPlugin
2023-04-16 23:22:15,265 [INFO] IPUIPlugin:80 - create IPUIPlugin
2023-04-16 23:22:15,265 [INFO] IPUIPlugin:80 - create IPUIPlugin
2023-04-16 23:22:15,265 [INFO] IPUIPlugin:80 - create IPUIPlugin
2023-04-16 23:22:15,265 [INFO] IPUIPlugin:80 - create IPUIPlugin
2023-04-16 23:22:15,265 [INFO] IPUIPlugin:80 - create IPUIPlugin
2023-04-16 23:22:15,265 [INFO] IPUIPlugin:80 - create IPUIPlugin
2023-04-16 23:22:15,266 [INFO] IPUIPlugin:80 - create IPUIPlugin
2023-04-16 23:22:15,266 [INFO] IPUIPlugin:80 - create IPUIPlugin
2023-04-16 23:22:15,266 [INFO] IPUIPlugin:80 - create IPUIPlugin
2023-04-16 23:22:15,266 [INFO] IPUIPlugin:80 - create IPUIPlugin
2023-04-16 23:22:15,268 [INFO] IPUIPlugin:80 - create IPUIPlugin
2023-04-16 23:22:15,268 [INFO] IPUIPlugin:80 - create IPUIPlugin
2023-04-16 23:22:15,277 [INFO] IPUIPlugin:80 - create IPUIPlugin
2023-04-16 23:22:15,277 [INFO] IPUIPlugin:80 - create IPUIPlugin
2023-04-16 23:22:15,278 [INFO] IPUIPlugin:80 - create IPUIPlugin
2023-04-16 23:22:15,278 [INFO] IPUIPlugin:80 - create IPUIPlugin
2023-04-16 23:22:15,307 [INFO] ApiDbMcu:507 - Load IP Config File for PDM2PCM
2023-04-16 23:22:15,384 [WARN] FreeRTOS:1023 - Null or empty value: should not occur! (nothing added to the table)
2023-04-16 23:22:16,487 [INFO] CADModel:165 - CPN selected for project level
2023-04-16 23:22:16,487 [INFO] CADModel:114 - Register for checkConnection events
2023-04-16 23:22:16,499 [INFO] RtosManager:697 - Active RTOS found at IOC load: FREERTOS [Cortex-M4NS]
2023-04-16 23:22:16,988 [INFO] OpenFileManager:328 - Restore cursor
2023-04-16 23:23:09,754 [WARN] BspModel:443 - BSP dependency skipped because of component: name='LAN8742', api='BSP_COMPONENT_DRIVER'
2023-04-16 23:23:12,281 [WARN] BspModel:443 - BSP dependency skipped because of component: name='LAN8742', api='BSP_COMPONENT_DRIVER'
2023-04-16 23:23:17,807 [WARN] BspModel:443 - BSP dependency skipped because of component: name='LAN8742', api='BSP_COMPONENT_DRIVER'
2023-04-16 23:23:26,309 [WARN] BspModel:443 - BSP dependency skipped because of component: name='LAN8742', api='BSP_COMPONENT_DRIVER'
2023-04-16 23:24:07,277 [INFO] UtilMem:75 - End SaveConfig() Used Memory: 455274272 Bytes (676331520)
2023-04-16 23:24:09,612 [INFO] UtilMem:75 - End SaveConfig() Used Memory: 474148640 Bytes (676331520)
2023-04-16 23:24:12,439 [INFO] UtilMem:75 - End SaveConfig() Used Memory: 512423712 Bytes (676331520)
2023-04-16 23:24:24,054 [INFO] BlockDiagram:2759 - set Specific Code input for plugin: FREERTOS
2023-04-16 23:24:24,054 [INFO] BlockDiagram:2759 - set Specific Code input for plugin: SYS
2023-04-16 23:24:24,054 [INFO] BlockDiagram:2759 - set Specific Code input for plugin: RCC
2023-04-16 23:24:24,054 [INFO] BlockDiagram:2759 - set Specific Code input for plugin: NVIC
2023-04-16 23:24:24,054 [INFO] BlockDiagram:2759 - set Specific Code input for plugin: LWIP
2023-04-16 23:24:24,054 [INFO] BlockDiagram:2759 - set Specific Code input for plugin: USART
2023-04-16 23:24:24,057 [INFO] BlockDiagram:2759 - set Specific Code input for plugin: GPIO
2023-04-16 23:24:24,057 [INFO] BlockDiagram:2759 - set Specific Code input for plugin: ETH
2023-04-16 23:24:24,060 [INFO] CodeGenerator:793 - code generatio: config db path: /home/user1/.stm32cubemx/databases/DB.6.0.21/db/
2023-04-16 23:24:24,871 [INFO] CodeEngine:255 - oldGeneratedFile, /home/user1/Documents/EmbeddedBaseCamp/GL-ESK-ETHERNET/tcp_socket_client/MXTmpFiles/license.tmp_save
2023-04-16 23:24:25,881 [INFO] CodeEngine:279 - Generated code: /home/user1/Documents/EmbeddedBaseCamp/GL-ESK-ETHERNET/tcp_socket_client/MXTmpFiles/license.tmp
2023-04-16 23:24:26,095 [INFO] CodeEngine:255 - oldGeneratedFile, /home/user1/Documents/EmbeddedBaseCamp/GL-ESK-ETHERNET/tcp_socket_client/MXTmpFiles/gpio.tmp_save
2023-04-16 23:24:26,283 [INFO] CodeEngine:279 - Generated code: /home/user1/Documents/EmbeddedBaseCamp/GL-ESK-ETHERNET/tcp_socket_client/MXTmpFiles/gpio.tmp
2023-04-16 23:24:26,518 [INFO] CodeEngine:255 - oldGeneratedFile, /home/user1/Documents/EmbeddedBaseCamp/GL-ESK-ETHERNET/tcp_socket_client/MXTmpFiles/eth_vars.tmp_save
2023-04-16 23:24:26,581 [INFO] CodeEngine:279 - Generated code: /home/user1/Documents/EmbeddedBaseCamp/GL-ESK-ETHERNET/tcp_socket_client/MXTmpFiles/eth_vars.tmp
2023-04-16 23:24:26,587 [INFO] CodeEngine:255 - oldGeneratedFile, /home/user1/Documents/EmbeddedBaseCamp/GL-ESK-ETHERNET/tcp_socket_client/MXTmpFiles/eth_inc.tmp_save
2023-04-16 23:24:26,651 [INFO] CodeEngine:279 - Generated code: /home/user1/Documents/EmbeddedBaseCamp/GL-ESK-ETHERNET/tcp_socket_client/MXTmpFiles/eth_inc.tmp
2023-04-16 23:24:26,657 [INFO] CodeEngine:255 - oldGeneratedFile, /home/user1/Documents/EmbeddedBaseCamp/GL-ESK-ETHERNET/tcp_socket_client/MXTmpFiles/eth_HalInit.tmp_save
2023-04-16 23:24:26,797 [INFO] CodeEngine:279 - Generated code: /home/user1/Documents/EmbeddedBaseCamp/GL-ESK-ETHERNET/tcp_socket_client/MXTmpFiles/eth_HalInit.tmp
2023-04-16 23:24:26,800 [INFO] CodeEngine:255 - oldGeneratedFile, /home/user1/Documents/EmbeddedBaseCamp/GL-ESK-ETHERNET/tcp_socket_client/MXTmpFiles/eth_Msp.tmp_save
2023-04-16 23:24:26,895 [INFO] CodeEngine:279 - Generated code: /home/user1/Documents/EmbeddedBaseCamp/GL-ESK-ETHERNET/tcp_socket_client/MXTmpFiles/eth_Msp.tmp
2023-04-16 23:24:27,296 [INFO] Middleware:1439 - No code input for Bsp Dependency
2023-04-16 23:24:27,316 [INFO] CodeEngine:255 - oldGeneratedFile, /home/user1/Documents/EmbeddedBaseCamp/GL-ESK-ETHERNET/tcp_socket_client/MXTmpFiles/rtos_inc.tmp_save
2023-04-16 23:24:27,398 [INFO] CodeEngine:279 - Generated code: /home/user1/Documents/EmbeddedBaseCamp/GL-ESK-ETHERNET/tcp_socket_client/MXTmpFiles/rtos_inc.tmp
2023-04-16 23:24:27,406 [INFO] CodeEngine:255 - oldGeneratedFile, /home/user1/Documents/EmbeddedBaseCamp/GL-ESK-ETHERNET/tcp_socket_client/MXTmpFiles/rtos_vars.tmp_save
2023-04-16 23:24:27,465 [INFO] CodeEngine:279 - Generated code: /home/user1/Documents/EmbeddedBaseCamp/GL-ESK-ETHERNET/tcp_socket_client/MXTmpFiles/rtos_vars.tmp
2023-04-16 23:24:27,470 [INFO] CodeEngine:255 - oldGeneratedFile, /home/user1/Documents/EmbeddedBaseCamp/GL-ESK-ETHERNET/tcp_socket_client/MXTmpFiles/rtos_pfp.tmp_save
2023-04-16 23:24:27,518 [INFO] CodeEngine:279 - Generated code: /home/user1/Documents/EmbeddedBaseCamp/GL-ESK-ETHERNET/tcp_socket_client/MXTmpFiles/rtos_pfp.tmp
2023-04-16 23:24:27,522 [INFO] CodeEngine:255 - oldGeneratedFile, /home/user1/Documents/EmbeddedBaseCamp/GL-ESK-ETHERNET/tcp_socket_client/MXTmpFiles/rtos_obj_creat.tmp_save
2023-04-16 23:24:27,584 [INFO] CodeEngine:279 - Generated code: /home/user1/Documents/EmbeddedBaseCamp/GL-ESK-ETHERNET/tcp_socket_client/MXTmpFiles/rtos_obj_creat.tmp
2023-04-16 23:24:27,590 [INFO] CodeEngine:255 - oldGeneratedFile, /home/user1/Documents/EmbeddedBaseCamp/GL-ESK-ETHERNET/tcp_socket_client/MXTmpFiles/rtos_kernelStart.tmp_save
2023-04-16 23:24:27,648 [INFO] CodeEngine:279 - Generated code: /home/user1/Documents/EmbeddedBaseCamp/GL-ESK-ETHERNET/tcp_socket_client/MXTmpFiles/rtos_kernelStart.tmp
2023-04-16 23:24:27,653 [INFO] CodeEngine:255 - oldGeneratedFile, /home/user1/Documents/EmbeddedBaseCamp/GL-ESK-ETHERNET/tcp_socket_client/MXTmpFiles/rtos_default_thread.tmp_save
2023-04-16 23:24:27,719 [INFO] CodeEngine:279 - Generated code: /home/user1/Documents/EmbeddedBaseCamp/GL-ESK-ETHERNET/tcp_socket_client/MXTmpFiles/rtos_default_thread.tmp
2023-04-16 23:24:27,727 [INFO] CodeEngine:255 - oldGeneratedFile, /home/user1/Documents/EmbeddedBaseCamp/GL-ESK-ETHERNET/tcp_socket_client/MXTmpFiles/rtos_threads.tmp_save
2023-04-16 23:24:27,770 [INFO] CodeEngine:279 - Generated code: /home/user1/Documents/EmbeddedBaseCamp/GL-ESK-ETHERNET/tcp_socket_client/MXTmpFiles/rtos_threads.tmp
2023-04-16 23:24:27,781 [INFO] Middleware:1439 - No code input for Bsp Dependency
2023-04-16 23:24:27,813 [INFO] Middleware:1439 - No code input for Bsp Dependency
2023-04-16 23:24:27,819 [INFO] CodeEngine:255 - oldGeneratedFile, /home/user1/Documents/EmbeddedBaseCamp/GL-ESK-ETHERNET/tcp_socket_client/MXTmpFiles/rtos_inc.tmp_save
2023-04-16 23:24:27,857 [INFO] CodeEngine:279 - Generated code: /home/user1/Documents/EmbeddedBaseCamp/GL-ESK-ETHERNET/tcp_socket_client/MXTmpFiles/rtos_inc.tmp
2023-04-16 23:24:27,862 [INFO] CodeEngine:255 - oldGeneratedFile, /home/user1/Documents/EmbeddedBaseCamp/GL-ESK-ETHERNET/tcp_socket_client/MXTmpFiles/rtos_vars.tmp_save
2023-04-16 23:24:27,911 [INFO] CodeEngine:279 - Generated code: /home/user1/Documents/EmbeddedBaseCamp/GL-ESK-ETHERNET/tcp_socket_client/MXTmpFiles/rtos_vars.tmp
2023-04-16 23:24:27,913 [INFO] CodeEngine:255 - oldGeneratedFile, /home/user1/Documents/EmbeddedBaseCamp/GL-ESK-ETHERNET/tcp_socket_client/MXTmpFiles/rtos_pfp.tmp_save
2023-04-16 23:24:27,956 [INFO] CodeEngine:279 - Generated code: /home/user1/Documents/EmbeddedBaseCamp/GL-ESK-ETHERNET/tcp_socket_client/MXTmpFiles/rtos_pfp.tmp
2023-04-16 23:24:27,958 [INFO] CodeEngine:255 - oldGeneratedFile, /home/user1/Documents/EmbeddedBaseCamp/GL-ESK-ETHERNET/tcp_socket_client/MXTmpFiles/rtos_obj_creat.tmp_save
2023-04-16 23:24:27,996 [INFO] CodeEngine:279 - Generated code: /home/user1/Documents/EmbeddedBaseCamp/GL-ESK-ETHERNET/tcp_socket_client/MXTmpFiles/rtos_obj_creat.tmp
2023-04-16 23:24:27,998 [INFO] CodeEngine:255 - oldGeneratedFile, /home/user1/Documents/EmbeddedBaseCamp/GL-ESK-ETHERNET/tcp_socket_client/MXTmpFiles/rtos_kernelStart.tmp_save
2023-04-16 23:24:28,048 [INFO] CodeEngine:279 - Generated code: /home/user1/Documents/EmbeddedBaseCamp/GL-ESK-ETHERNET/tcp_socket_client/MXTmpFiles/rtos_kernelStart.tmp
2023-04-16 23:24:28,050 [INFO] CodeEngine:255 - oldGeneratedFile, /home/user1/Documents/EmbeddedBaseCamp/GL-ESK-ETHERNET/tcp_socket_client/MXTmpFiles/rtos_default_thread.tmp_save
2023-04-16 23:24:28,128 [INFO] CodeEngine:279 - Generated code: /home/user1/Documents/EmbeddedBaseCamp/GL-ESK-ETHERNET/tcp_socket_client/MXTmpFiles/rtos_default_thread.tmp
2023-04-16 23:24:28,136 [INFO] CodeEngine:255 - oldGeneratedFile, /home/user1/Documents/EmbeddedBaseCamp/GL-ESK-ETHERNET/tcp_socket_client/MXTmpFiles/rtos_threads.tmp_save
2023-04-16 23:24:28,195 [INFO] CodeEngine:279 - Generated code: /home/user1/Documents/EmbeddedBaseCamp/GL-ESK-ETHERNET/tcp_socket_client/MXTmpFiles/rtos_threads.tmp
2023-04-16 23:24:28,203 [INFO] CodeEngine:255 - oldGeneratedFile, /home/user1/Documents/EmbeddedBaseCamp/GL-ESK-ETHERNET/tcp_socket_client/Core/Inc/FreeRTOSConfig.h_save
2023-04-16 23:24:28,354 [INFO] CodeEngine:279 - Generated code: /home/user1/Documents/EmbeddedBaseCamp/GL-ESK-ETHERNET/tcp_socket_client/Core/Inc/FreeRTOSConfig.h
2023-04-16 23:24:28,364 [INFO] CodeEngine:255 - oldGeneratedFile, /home/user1/Documents/EmbeddedBaseCamp/GL-ESK-ETHERNET/tcp_socket_client/Core/Src/freertos.c_save
2023-04-16 23:24:28,426 [INFO] CodeEngine:279 - Generated code: /home/user1/Documents/EmbeddedBaseCamp/GL-ESK-ETHERNET/tcp_socket_client/Core/Src/freertos.c
2023-04-16 23:24:28,435 [INFO] Middleware:1439 - No code input for Bsp Dependency
2023-04-16 23:24:28,463 [INFO] CodeEngine:255 - oldGeneratedFile, /home/user1/Documents/EmbeddedBaseCamp/GL-ESK-ETHERNET/tcp_socket_client/LWIP/App/lwip.c_save
2023-04-16 23:24:28,525 [INFO] CodeEngine:279 - Generated code: /home/user1/Documents/EmbeddedBaseCamp/GL-ESK-ETHERNET/tcp_socket_client/LWIP/App/lwip.c
2023-04-16 23:24:28,531 [INFO] CodeEngine:255 - oldGeneratedFile, /home/user1/Documents/EmbeddedBaseCamp/GL-ESK-ETHERNET/tcp_socket_client/LWIP/App/lwip.h_save
2023-04-16 23:24:28,577 [INFO] CodeEngine:279 - Generated code: /home/user1/Documents/EmbeddedBaseCamp/GL-ESK-ETHERNET/tcp_socket_client/LWIP/App/lwip.h
2023-04-16 23:24:28,581 [INFO] CodeEngine:255 - oldGeneratedFile, /home/user1/Documents/EmbeddedBaseCamp/GL-ESK-ETHERNET/tcp_socket_client/LWIP/Target/lwipopts.h_save
2023-04-16 23:24:28,800 [INFO] CodeEngine:279 - Generated code: /home/user1/Documents/EmbeddedBaseCamp/GL-ESK-ETHERNET/tcp_socket_client/LWIP/Target/lwipopts.h
2023-04-16 23:24:28,845 [INFO] CodeEngine:255 - oldGeneratedFile, /home/user1/Documents/EmbeddedBaseCamp/GL-ESK-ETHERNET/tcp_socket_client/LWIP/Target/ethernetif.c_save
2023-04-16 23:24:28,916 [INFO] CodeEngine:279 - Generated code: /home/user1/Documents/EmbeddedBaseCamp/GL-ESK-ETHERNET/tcp_socket_client/LWIP/Target/ethernetif.c
2023-04-16 23:24:28,930 [INFO] CodeEngine:255 - oldGeneratedFile, /home/user1/Documents/EmbeddedBaseCamp/GL-ESK-ETHERNET/tcp_socket_client/LWIP/Target/ethernetif.h_save
2023-04-16 23:24:28,970 [INFO] CodeEngine:279 - Generated code: /home/user1/Documents/EmbeddedBaseCamp/GL-ESK-ETHERNET/tcp_socket_client/LWIP/Target/ethernetif.h
2023-04-16 23:24:28,982 [INFO] CodeEngine:255 - oldGeneratedFile, /home/user1/Documents/EmbeddedBaseCamp/GL-ESK-ETHERNET/tcp_socket_client/Core/Src/stm32f4xx_it.c_save
2023-04-16 23:24:29,095 [INFO] CodeEngine:279 - Generated code: /home/user1/Documents/EmbeddedBaseCamp/GL-ESK-ETHERNET/tcp_socket_client/Core/Src/stm32f4xx_it.c
2023-04-16 23:24:29,098 [INFO] CodeEngine:255 - oldGeneratedFile, /home/user1/Documents/EmbeddedBaseCamp/GL-ESK-ETHERNET/tcp_socket_client/Core/Inc/stm32f4xx_it.h_save
2023-04-16 23:24:29,186 [INFO] CodeEngine:279 - Generated code: /home/user1/Documents/EmbeddedBaseCamp/GL-ESK-ETHERNET/tcp_socket_client/Core/Inc/stm32f4xx_it.h
2023-04-16 23:24:29,227 [INFO] CodeEngine:255 - oldGeneratedFile, /home/user1/Documents/EmbeddedBaseCamp/GL-ESK-ETHERNET/tcp_socket_client/Core/Src/stm32f4xx_hal_msp.c_save
2023-04-16 23:24:29,294 [INFO] CodeEngine:279 - Generated code: /home/user1/Documents/EmbeddedBaseCamp/GL-ESK-ETHERNET/tcp_socket_client/Core/Src/stm32f4xx_hal_msp.c
2023-04-16 23:24:29,297 [INFO] CodeEngine:255 - oldGeneratedFile, /home/user1/Documents/EmbeddedBaseCamp/GL-ESK-ETHERNET/tcp_socket_client/MXTmpFiles/system.tmp_save
2023-04-16 23:24:29,335 [INFO] CodeEngine:279 - Generated code: /home/user1/Documents/EmbeddedBaseCamp/GL-ESK-ETHERNET/tcp_socket_client/MXTmpFiles/system.tmp
2023-04-16 23:24:29,338 [INFO] CodeEngine:255 - oldGeneratedFile, /home/user1/Documents/EmbeddedBaseCamp/GL-ESK-ETHERNET/tcp_socket_client/Core/Src/stm32f4xx_hal_timebase_tim.c_save
2023-04-16 23:24:29,381 [INFO] CodeEngine:279 - Generated code: /home/user1/Documents/EmbeddedBaseCamp/GL-ESK-ETHERNET/tcp_socket_client/Core/Src/stm32f4xx_hal_timebase_tim.c
2023-04-16 23:24:29,387 [INFO] CodeEngine:311 - oldGeneratedFile, /home/user1/Documents/EmbeddedBaseCamp/GL-ESK-ETHERNET/tcp_socket_client/Core/Inc/stm32f4xx_hal_conf.h_save
2023-04-16 23:24:29,437 [INFO] CodeEngine:335 - Generated code: /home/user1/Documents/EmbeddedBaseCamp/GL-ESK-ETHERNET/tcp_socket_client/Core/Inc/stm32f4xx_hal_conf.h
2023-04-16 23:24:29,468 [INFO] CodeEngine:255 - oldGeneratedFile, /home/user1/Documents/EmbeddedBaseCamp/GL-ESK-ETHERNET/tcp_socket_client/Core/Inc/main.h_save
2023-04-16 23:24:29,521 [INFO] CodeEngine:279 - Generated code: /home/user1/Documents/EmbeddedBaseCamp/GL-ESK-ETHERNET/tcp_socket_client/Core/Inc/main.h
2023-04-16 23:24:29,524 [INFO] CodeEngine:255 - oldGeneratedFile, /home/user1/Documents/EmbeddedBaseCamp/GL-ESK-ETHERNET/tcp_socket_client/Core/Src/main.c_save
2023-04-16 23:24:29,637 [INFO] CodeEngine:279 - Generated code: /home/user1/Documents/EmbeddedBaseCamp/GL-ESK-ETHERNET/tcp_socket_client/Core/Src/main.c
2023-04-16 23:24:31,634 [INFO] ProjectBuilder:2996 - Time for Copy HAL[1] : 1057mS.
2023-04-16 23:24:31,740 [INFO] ProjectBuilder:4304 - Project Generator version: 3.19.2
2023-04-16 23:24:32,551 [INFO] ConfigFileManager:1483 - The Die is : DIE413
2023-04-16 23:24:32,570 [INFO] ApiDbMcu:507 - Load IP Config File for FATFS
2023-04-16 23:24:32,587 [INFO] ApiDbMcu:507 - Load IP Config File for LIBJPEG
2023-04-16 23:24:32,617 [INFO] ApiDbMcu:507 - Load IP Config File for MBEDTLS
2023-04-16 23:24:32,641 [INFO] ApiDbMcu:507 - Load IP Config File for USB_DEVICE
2023-04-16 23:24:32,649 [INFO] ApiDbMcu:507 - Load IP Config File for USB_HOST
2023-04-16 23:24:35,817 [INFO] LogOutputStream:77 - [STDOUT_REDIRECT] 
2023-04-16 23:24:39,449 [INFO] ProjectBuilder:4505 - Time for Generating toolchain IDE Files: 7708mS.
2023-04-16 23:24:39,450 [INFO] ProjectBuilder:2867 - Time for Copy CMSIS : 1mS.
2023-04-16 23:24:39,452 [INFO] ProjectBuilder:2867 - Time for Copy CMSIS : 0mS.
2023-04-16 23:52:27,463 [INFO] Activator:176 - 


2023-04-16 23:52:27,466 [INFO] Activator:177 - !SESSION log4j initialized
2023-04-16 23:52:30,274 [ERROR] LogOutputStream:75 - [STDERR_REDIRECT] [Fatal Error] :1:1: Premature end of file.
2023-04-16 23:52:30,279 [ERROR] LogOutputStream:75 - [STDERR_REDIRECT] 
2023-04-16 23:52:34,044 [ERROR] LogOutputStream:75 - [STDERR_REDIRECT] [Fatal Error] :1:1: Premature end of file.
2023-04-16 23:52:34,047 [ERROR] LogOutputStream:75 - [STDERR_REDIRECT] 
2023-04-16 23:52:34,330 [INFO] LogOutputStream:77 - [STDOUT_REDIRECT] 
2023-04-16 23:52:34,926 [ERROR] ConfigurationRetriever:142 - IOException on connection: sw-center.st.com
2023-04-16 23:52:34,927 [ERROR] ConfigurationRetriever:142 - IOException on connection: sw-center.st.com
2023-04-16 23:52:34,928 [ERROR] ConfigurationRetriever:142 - IOException on connection: sw-center.st.com
2023-04-16 23:52:56,938 [ERROR] LogOutputStream:75 - [STDERR_REDIRECT] SLF4J: Failed to load class "org.slf4j.impl.StaticLoggerBinder".
2023-04-16 23:52:56,940 [ERROR] LogOutputStream:75 - [STDERR_REDIRECT] SLF4J: Defaulting to no-operation (NOP) logger implementation
2023-04-16 23:52:56,940 [ERROR] LogOutputStream:75 - [STDERR_REDIRECT] SLF4J: See http://www.slf4j.org/codes.html#StaticLoggerBinder for further details.
